2018-01-23 07:20:46 PM - INFO - Creating training set...
2018-01-23 07:20:46 PM - INFO - Reading file: /home/dingu/PycharmProjects/baby_cry_detection/pc_main/../data/902 - Noise/1-30226-A.ogg ...
2018-01-23 07:20:46 PM - INFO - Time taken: 0.121668100357
2018-01-23 07:20:46 PM - INFO - Computing zero_crossing_rate...
2018-01-23 07:20:46 PM - INFO - Time taken: 0.0125198364258
2018-01-23 07:20:46 PM - INFO - Computing rmse...
2018-01-23 07:20:46 PM - INFO - Time taken: 0.00326490402222
2018-01-23 07:20:46 PM - INFO - Computing mfcc...
2018-01-23 07:20:46 PM - INFO - Time taken: 0.0305788516998
2018-01-23 07:20:46 PM - INFO - Computing spectral centroid...
2018-01-23 07:20:46 PM - INFO - Time taken: 0.035120010376
2018-01-23 07:20:46 PM - INFO - Computing spectral rolloff...
2018-01-23 07:20:46 PM - INFO - Time taken: 0.0366308689117
2018-01-23 07:20:46 PM - INFO - Computing spectral bandwidth...
2018-01-23 07:20:46 PM - INFO - Time taken: 0.0503690242767
2018-01-23 07:20:46 PM - INFO - Averaging...
2018-01-23 07:20:46 PM - INFO - Time taken: 5.07831573486e-05
2018-01-23 07:20:46 PM - INFO - Reading file: /home/dingu/PycharmProjects/baby_cry_detection/pc_main/../data/902 - Noise/5-195557-A.ogg ...
2018-01-23 07:20:46 PM - INFO - Time taken: 0.0561621189117
2018-01-23 07:20:46 PM - INFO - Computing zero_crossing_rate...
2018-01-23 07:20:46 PM - INFO - Time taken: 0.0117120742798
2018-01-23 07:20:46 PM - INFO - Computing rmse...
2018-01-23 07:20:46 PM - INFO - Time taken: 0.00397801399231
2018-01-23 07:20:46 PM - INFO - Computing mfcc...
2018-01-23 07:20:46 PM - INFO - Time taken: 0.0294740200043
2018-01-23 07:20:46 PM - INFO - Computing spectral centroid...
2018-01-23 07:20:46 PM - INFO - Time taken: 0.0274469852448
2018-01-23 07:20:46 PM - INFO - Computing spectral rolloff...
2018-01-23 07:20:46 PM - INFO - Time taken: 0.0370199680328
2018-01-23 07:20:46 PM - INFO - Computing spectral bandwidth...
2018-01-23 07:20:46 PM - INFO - Time taken: 0.0494680404663
2018-01-23 07:20:46 PM - INFO - Averaging...
2018-01-23 07:20:46 PM - INFO - Time taken: 6.89029693604e-05
2018-01-23 07:20:46 PM - INFO - Reading file: /home/dingu/PycharmProjects/baby_cry_detection/pc_main/../data/902 - Noise/3-62878-A.ogg ...
2018-01-23 07:20:46 PM - INFO - Time taken: 0.0543429851532
2018-01-23 07:20:46 PM - INFO - Computing zero_crossing_rate...
2018-01-23 07:20:46 PM - INFO - Time taken: 0.0116648674011
2018-01-23 07:20:46 PM - INFO - Computing rmse...
2018-01-23 07:20:46 PM - INFO - Time taken: 0.00361895561218
2018-01-23 07:20:46 PM - INFO - Computing mfcc...
2018-01-23 07:20:46 PM - INFO - Time taken: 0.0286710262299
2018-01-23 07:20:46 PM - INFO - Computing spectral centroid...
2018-01-23 07:20:46 PM - INFO - Time taken: 0.0250959396362
2018-01-23 07:20:46 PM - INFO - Computing spectral rolloff...
2018-01-23 07:20:46 PM - INFO - Time taken: 0.0359349250793
2018-01-23 07:20:46 PM - INFO - Computing spectral bandwidth...
2018-01-23 07:20:46 PM - INFO - Time taken: 0.0504231452942
2018-01-23 07:20:46 PM - INFO - Averaging...
2018-01-23 07:20:46 PM - INFO - Time taken: 6.69956207275e-05
2018-01-23 07:20:46 PM - INFO - Reading file: /home/dingu/PycharmProjects/baby_cry_detection/pc_main/../data/902 - Noise/2-114280-A.ogg ...
2018-01-23 07:20:46 PM - INFO - Time taken: 0.0600519180298
2018-01-23 07:20:46 PM - INFO - Computing zero_crossing_rate...
2018-01-23 07:20:46 PM - INFO - Time taken: 0.0135290622711
2018-01-23 07:20:46 PM - INFO - Computing rmse...
2018-01-23 07:20:46 PM - INFO - Time taken: 0.00325083732605
2018-01-23 07:20:46 PM - INFO - Computing mfcc...
2018-01-23 07:20:47 PM - INFO - Time taken: 0.0331170558929
2018-01-23 07:20:47 PM - INFO - Computing spectral centroid...
2018-01-23 07:20:47 PM - INFO - Time taken: 0.0359289646149
2018-01-23 07:20:47 PM - INFO - Computing spectral rolloff...
2018-01-23 07:20:47 PM - INFO - Time taken: 0.0374329090118
2018-01-23 07:20:47 PM - INFO - Computing spectral bandwidth...
2018-01-23 07:20:47 PM - INFO - Time taken: 0.048327922821
2018-01-23 07:20:47 PM - INFO - Averaging...
2018-01-23 07:20:47 PM - INFO - Time taken: 5.60283660889e-05
2018-01-23 07:20:47 PM - INFO - Reading file: /home/dingu/PycharmProjects/baby_cry_detection/pc_main/../data/902 - Noise/3-161010-A.ogg ...
2018-01-23 07:20:47 PM - INFO - Time taken: 0.0536439418793
2018-01-23 07:20:47 PM - INFO - Computing zero_crossing_rate...
2018-01-23 07:20:47 PM - INFO - Time taken: 0.0137741565704
2018-01-23 07:20:47 PM - INFO - Computing rmse...
2018-01-23 07:20:47 PM - INFO - Time taken: 0.00371694564819
2018-01-23 07:20:47 PM - INFO - Computing mfcc...
2018-01-23 07:20:47 PM - INFO - Time taken: 0.035943031311
2018-01-23 07:20:47 PM - INFO - Computing spectral centroid...
2018-01-23 07:20:47 PM - INFO - Time taken: 0.0460748672485
2018-01-23 07:20:47 PM - INFO - Computing spectral rolloff...
2018-01-23 07:20:47 PM - INFO - Time taken: 0.0355541706085
2018-01-23 07:20:47 PM - INFO - Computing spectral bandwidth...
2018-01-23 07:20:47 PM - INFO - Time taken: 0.0482110977173
2018-01-23 07:20:47 PM - INFO - Averaging...
2018-01-23 07:20:47 PM - INFO - Time taken: 5.19752502441e-05
2018-01-23 07:20:47 PM - INFO - Reading file: /home/dingu/PycharmProjects/baby_cry_detection/pc_main/../data/902 - Noise/2-128465-B.ogg ...
2018-01-23 07:20:47 PM - INFO - Time taken: 0.0538258552551
2018-01-23 07:20:47 PM - INFO - Computing zero_crossing_rate...
2018-01-23 07:20:47 PM - INFO - Time taken: 0.0117168426514
2018-01-23 07:20:47 PM - INFO - Computing rmse...
2018-01-23 07:20:47 PM - INFO - Time taken: 0.00347399711609
2018-01-23 07:20:47 PM - INFO - Computing mfcc...
2018-01-23 07:20:47 PM - INFO - Time taken: 0.0283989906311
2018-01-23 07:20:47 PM - INFO - Computing spectral centroid...
2018-01-23 07:20:47 PM - INFO - Time taken: 0.0288231372833
2018-01-23 07:20:47 PM - INFO - Computing spectral rolloff...
2018-01-23 07:20:47 PM - INFO - Time taken: 0.0353348255157
2018-01-23 07:20:47 PM - INFO - Computing spectral bandwidth...
2018-01-23 07:20:47 PM - INFO - Time taken: 0.0504741668701
2018-01-23 07:20:47 PM - INFO - Averaging...
2018-01-23 07:20:47 PM - INFO - Time taken: 7.20024108887e-05
2018-01-23 07:20:47 PM - INFO - Reading file: /home/dingu/PycharmProjects/baby_cry_detection/pc_main/../data/902 - Noise/4-161519-A.ogg ...
2018-01-23 07:20:47 PM - INFO - Time taken: 0.0547630786896
2018-01-23 07:20:47 PM - INFO - Computing zero_crossing_rate...
2018-01-23 07:20:47 PM - INFO - Time taken: 0.0102849006653
2018-01-23 07:20:47 PM - INFO - Computing rmse...
2018-01-23 07:20:47 PM - INFO - Time taken: 0.00326108932495
2018-01-23 07:20:47 PM - INFO - Computing mfcc...
2018-01-23 07:20:47 PM - INFO - Time taken: 0.0288791656494
2018-01-23 07:20:47 PM - INFO - Computing spectral centroid...
2018-01-23 07:20:47 PM - INFO - Time taken: 0.0263700485229
2018-01-23 07:20:47 PM - INFO - Computing spectral rolloff...
2018-01-23 07:20:47 PM - INFO - Time taken: 0.0364530086517
2018-01-23 07:20:47 PM - INFO - Computing spectral bandwidth...
2018-01-23 07:20:47 PM - INFO - Time taken: 0.0488979816437
2018-01-23 07:20:47 PM - INFO - Averaging...
2018-01-23 07:20:47 PM - INFO - Time taken: 6.69956207275e-05
2018-01-23 07:20:47 PM - INFO - Reading file: /home/dingu/PycharmProjects/baby_cry_detection/pc_main/../data/902 - Noise/3-123086-A.ogg ...
2018-01-23 07:20:47 PM - INFO - Time taken: 0.0521080493927
2018-01-23 07:20:47 PM - INFO - Computing zero_crossing_rate...
2018-01-23 07:20:47 PM - INFO - Time taken: 0.0120780467987
2018-01-23 07:20:47 PM - INFO - Computing rmse...
2018-01-23 07:20:47 PM - INFO - Time taken: 0.00378108024597
2018-01-23 07:20:47 PM - INFO - Computing mfcc...
2018-01-23 07:20:47 PM - INFO - Time taken: 0.03502202034
2018-01-23 07:20:47 PM - INFO - Computing spectral centroid...
2018-01-23 07:20:47 PM - INFO - Time taken: 0.02525806427
2018-01-23 07:20:47 PM - INFO - Computing spectral rolloff...
2018-01-23 07:20:47 PM - INFO - Time taken: 0.0363340377808
2018-01-23 07:20:47 PM - INFO - Computing spectral bandwidth...
2018-01-23 07:20:48 PM - INFO - Time taken: 0.0495898723602
2018-01-23 07:20:48 PM - INFO - Averaging...
2018-01-23 07:20:48 PM - INFO - Time taken: 7.70092010498e-05
2018-01-23 07:20:48 PM - INFO - Reading file: /home/dingu/PycharmProjects/baby_cry_detection/pc_main/../data/902 - Noise/2-138465-A.ogg ...
2018-01-23 07:20:48 PM - INFO - Time taken: 0.0742580890656
2018-01-23 07:20:48 PM - INFO - Computing zero_crossing_rate...
2018-01-23 07:20:48 PM - INFO - Time taken: 0.0112538337708
2018-01-23 07:20:48 PM - INFO - Computing rmse...
2018-01-23 07:20:48 PM - INFO - Time taken: 0.00346994400024
2018-01-23 07:20:48 PM - INFO - Computing mfcc...
2018-01-23 07:20:48 PM - INFO - Time taken: 0.0280320644379
2018-01-23 07:20:48 PM - INFO - Computing spectral centroid...
2018-01-23 07:20:48 PM - INFO - Time taken: 0.036698102951
2018-01-23 07:20:48 PM - INFO - Computing spectral rolloff...
2018-01-23 07:20:48 PM - INFO - Time taken: 0.0352091789246
2018-01-23 07:20:48 PM - INFO - Computing spectral bandwidth...
2018-01-23 07:20:48 PM - INFO - Time taken: 0.0506610870361
2018-01-23 07:20:48 PM - INFO - Averaging...
2018-01-23 07:20:48 PM - INFO - Time taken: 5.41210174561e-05
2018-01-23 07:20:48 PM - INFO - Reading file: /home/dingu/PycharmProjects/baby_cry_detection/pc_main/../data/902 - Noise/5-243449-A.ogg ...
2018-01-23 07:20:48 PM - INFO - Time taken: 0.0636451244354
2018-01-23 07:20:48 PM - INFO - Computing zero_crossing_rate...
2018-01-23 07:20:48 PM - INFO - Time taken: 0.0134260654449
2018-01-23 07:20:48 PM - INFO - Computing rmse...
2018-01-23 07:20:48 PM - INFO - Time taken: 0.0039210319519
2018-01-23 07:20:48 PM - INFO - Computing mfcc...
2018-01-23 07:20:48 PM - INFO - Time taken: 0.0297799110413
2018-01-23 07:20:48 PM - INFO - Computing spectral centroid...
2018-01-23 07:20:48 PM - INFO - Time taken: 0.0373740196228
2018-01-23 07:20:48 PM - INFO - Computing spectral rolloff...
2018-01-23 07:20:48 PM - INFO - Time taken: 0.0374720096588
2018-01-23 07:20:48 PM - INFO - Computing spectral bandwidth...
2018-01-23 07:20:48 PM - INFO - Time taken: 0.0475299358368
2018-01-23 07:20:48 PM - INFO - Averaging...
2018-01-23 07:20:48 PM - INFO - Time taken: 5.60283660889e-05
2018-01-23 07:20:48 PM - INFO - Reading file: /home/dingu/PycharmProjects/baby_cry_detection/pc_main/../data/902 - Noise/3-51376-A.ogg ...
2018-01-23 07:20:48 PM - INFO - Time taken: 0.0556499958038
2018-01-23 07:20:48 PM - INFO - Computing zero_crossing_rate...
2018-01-23 07:20:48 PM - INFO - Time taken: 0.0111281871796
2018-01-23 07:20:48 PM - INFO - Computing rmse...
2018-01-23 07:20:48 PM - INFO - Time taken: 0.00365591049194
2018-01-23 07:20:48 PM - INFO - Computing mfcc...
2018-01-23 07:20:48 PM - INFO - Time taken: 0.0285050868988
2018-01-23 07:20:48 PM - INFO - Computing spectral centroid...
2018-01-23 07:20:48 PM - INFO - Time taken: 0.0360779762268
2018-01-23 07:20:48 PM - INFO - Computing spectral rolloff...
2018-01-23 07:20:48 PM - INFO - Time taken: 0.0366940498352
2018-01-23 07:20:48 PM - INFO - Computing spectral bandwidth...
2018-01-23 07:20:48 PM - INFO - Time taken: 0.0488359928131
2018-01-23 07:20:48 PM - INFO - Averaging...
2018-01-23 07:20:48 PM - INFO - Time taken: 5.29289245605e-05
2018-01-23 07:20:48 PM - INFO - Reading file: /home/dingu/PycharmProjects/baby_cry_detection/pc_main/../data/902 - Noise/2-70939-A.ogg ...
2018-01-23 07:20:48 PM - INFO - Time taken: 0.0578780174255
2018-01-23 07:20:48 PM - INFO - Computing zero_crossing_rate...
2018-01-23 07:20:48 PM - INFO - Time taken: 0.0119018554688
2018-01-23 07:20:48 PM - INFO - Computing rmse...
2018-01-23 07:20:48 PM - INFO - Time taken: 0.00376105308533
2018-01-23 07:20:48 PM - INFO - Computing mfcc...
2018-01-23 07:20:48 PM - INFO - Time taken: 0.0345818996429
2018-01-23 07:20:48 PM - INFO - Computing spectral centroid...
2018-01-23 07:20:48 PM - INFO - Time taken: 0.0259771347046
2018-01-23 07:20:48 PM - INFO - Computing spectral rolloff...
2018-01-23 07:20:48 PM - INFO - Time taken: 0.0352280139923
2018-01-23 07:20:48 PM - INFO - Computing spectral bandwidth...
2018-01-23 07:20:48 PM - INFO - Time taken: 0.0539858341217
2018-01-23 07:20:48 PM - INFO - Averaging...
2018-01-23 07:20:48 PM - INFO - Time taken: 7.29560852051e-05
2018-01-23 07:20:48 PM - INFO - Reading file: /home/dingu/PycharmProjects/baby_cry_detection/pc_main/../data/902 - Noise/3-151255-A.ogg ...
2018-01-23 07:20:49 PM - INFO - Time taken: 0.0914959907532
2018-01-23 07:20:49 PM - INFO - Computing zero_crossing_rate...
2018-01-23 07:20:49 PM - INFO - Time taken: 0.0140030384064
2018-01-23 07:20:49 PM - INFO - Computing rmse...
2018-01-23 07:20:49 PM - INFO - Time taken: 0.00387501716614
2018-01-23 07:20:49 PM - INFO - Computing mfcc...
2018-01-23 07:20:49 PM - INFO - Time taken: 0.0413310527802
2018-01-23 07:20:49 PM - INFO - Computing spectral centroid...
2018-01-23 07:20:49 PM - INFO - Time taken: 0.0575330257416
2018-01-23 07:20:49 PM - INFO - Computing spectral rolloff...
2018-01-23 07:20:49 PM - INFO - Time taken: 0.0390319824219
2018-01-23 07:20:49 PM - INFO - Computing spectral bandwidth...
2018-01-23 07:20:49 PM - INFO - Time taken: 0.0520429611206
2018-01-23 07:20:49 PM - INFO - Averaging...
2018-01-23 07:20:49 PM - INFO - Time taken: 5.60283660889e-05
2018-01-23 07:20:49 PM - INFO - Reading file: /home/dingu/PycharmProjects/baby_cry_detection/pc_main/../data/902 - Noise/1-56907-A.ogg ...
2018-01-23 07:20:49 PM - INFO - Time taken: 0.07173204422
2018-01-23 07:20:49 PM - INFO - Computing zero_crossing_rate...
2018-01-23 07:20:49 PM - INFO - Time taken: 0.0162971019745
2018-01-23 07:20:49 PM - INFO - Computing rmse...
2018-01-23 07:20:49 PM - INFO - Time taken: 0.00515604019165
2018-01-23 07:20:49 PM - INFO - Computing mfcc...
2018-01-23 07:20:49 PM - INFO - Time taken: 0.042976140976
2018-01-23 07:20:49 PM - INFO - Computing spectral centroid...
2018-01-23 07:20:49 PM - INFO - Time taken: 0.0351140499115
2018-01-23 07:20:49 PM - INFO - Computing spectral rolloff...
2018-01-23 07:20:49 PM - INFO - Time taken: 0.0382449626923
2018-01-23 07:20:49 PM - INFO - Computing spectral bandwidth...
2018-01-23 07:20:49 PM - INFO - Time taken: 0.065582036972
2018-01-23 07:20:49 PM - INFO - Averaging...
2018-01-23 07:20:49 PM - INFO - Time taken: 6.29425048828e-05
2018-01-23 07:20:49 PM - INFO - Reading file: /home/dingu/PycharmProjects/baby_cry_detection/pc_main/../data/902 - Noise/3-155234-A.ogg ...
2018-01-23 07:20:49 PM - INFO - Time taken: 0.0612180233002
2018-01-23 07:20:49 PM - INFO - Computing zero_crossing_rate...
2018-01-23 07:20:49 PM - INFO - Time taken: 0.0131020545959
2018-01-23 07:20:49 PM - INFO - Computing rmse...
2018-01-23 07:20:49 PM - INFO - Time taken: 0.00378823280334
2018-01-23 07:20:49 PM - INFO - Computing mfcc...
2018-01-23 07:20:49 PM - INFO - Time taken: 0.0288281440735
2018-01-23 07:20:49 PM - INFO - Computing spectral centroid...
2018-01-23 07:20:49 PM - INFO - Time taken: 0.094367980957
2018-01-23 07:20:49 PM - INFO - Computing spectral rolloff...
2018-01-23 07:20:49 PM - INFO - Time taken: 0.0346369743347
2018-01-23 07:20:49 PM - INFO - Computing spectral bandwidth...
2018-01-23 07:20:49 PM - INFO - Time taken: 0.0424571037292
2018-01-23 07:20:49 PM - INFO - Averaging...
2018-01-23 07:20:49 PM - INFO - Time taken: 7.00950622559e-05
2018-01-23 07:20:49 PM - INFO - Reading file: /home/dingu/PycharmProjects/baby_cry_detection/pc_main/../data/902 - Noise/1-47819-C.ogg ...
2018-01-23 07:20:49 PM - INFO - Time taken: 0.077831029892
2018-01-23 07:20:49 PM - INFO - Computing zero_crossing_rate...
2018-01-23 07:20:49 PM - INFO - Time taken: 0.0156049728394
2018-01-23 07:20:49 PM - INFO - Computing rmse...
2018-01-23 07:20:49 PM - INFO - Time taken: 0.00586414337158
2018-01-23 07:20:49 PM - INFO - Computing mfcc...
2018-01-23 07:20:49 PM - INFO - Time taken: 0.056736946106
2018-01-23 07:20:49 PM - INFO - Computing spectral centroid...
2018-01-23 07:20:50 PM - INFO - Time taken: 0.0458540916443
2018-01-23 07:20:50 PM - INFO - Computing spectral rolloff...
2018-01-23 07:20:50 PM - INFO - Time taken: 0.0388240814209
2018-01-23 07:20:50 PM - INFO - Computing spectral bandwidth...
2018-01-23 07:20:50 PM - INFO - Time taken: 0.0564570426941
2018-01-23 07:20:50 PM - INFO - Averaging...
2018-01-23 07:20:50 PM - INFO - Time taken: 9.79900360107e-05
2018-01-23 07:20:50 PM - INFO - Reading file: /home/dingu/PycharmProjects/baby_cry_detection/pc_main/../data/902 - Noise/3-62878-B.ogg ...
2018-01-23 07:20:50 PM - INFO - Time taken: 0.0524060726166
2018-01-23 07:20:50 PM - INFO - Computing zero_crossing_rate...
2018-01-23 07:20:50 PM - INFO - Time taken: 0.0142500400543
2018-01-23 07:20:50 PM - INFO - Computing rmse...
2018-01-23 07:20:50 PM - INFO - Time taken: 0.00378608703613
2018-01-23 07:20:50 PM - INFO - Computing mfcc...
2018-01-23 07:20:50 PM - INFO - Time taken: 0.0292649269104
2018-01-23 07:20:50 PM - INFO - Computing spectral centroid...
2018-01-23 07:20:50 PM - INFO - Time taken: 0.027468919754
2018-01-23 07:20:50 PM - INFO - Computing spectral rolloff...
2018-01-23 07:20:50 PM - INFO - Time taken: 0.0384130477905
2018-01-23 07:20:50 PM - INFO - Computing spectral bandwidth...
2018-01-23 07:20:50 PM - INFO - Time taken: 0.0790061950684
2018-01-23 07:20:50 PM - INFO - Averaging...
2018-01-23 07:20:50 PM - INFO - Time taken: 5.41210174561e-05
2018-01-23 07:20:50 PM - INFO - Reading file: /home/dingu/PycharmProjects/baby_cry_detection/pc_main/../data/902 - Noise/3-124958-A.ogg ...
2018-01-23 07:20:50 PM - INFO - Time taken: 0.0595510005951
2018-01-23 07:20:50 PM - INFO - Computing zero_crossing_rate...
2018-01-23 07:20:50 PM - INFO - Time taken: 0.0114758014679
2018-01-23 07:20:50 PM - INFO - Computing rmse...
2018-01-23 07:20:50 PM - INFO - Time taken: 0.00419402122498
2018-01-23 07:20:50 PM - INFO - Computing mfcc...
2018-01-23 07:20:50 PM - INFO - Time taken: 0.0281500816345
2018-01-23 07:20:50 PM - INFO - Computing spectral centroid...
2018-01-23 07:20:50 PM - INFO - Time taken: 0.0364558696747
2018-01-23 07:20:50 PM - INFO - Computing spectral rolloff...
2018-01-23 07:20:50 PM - INFO - Time taken: 0.0370750427246
2018-01-23 07:20:50 PM - INFO - Computing spectral bandwidth...
2018-01-23 07:20:50 PM - INFO - Time taken: 0.0548100471497
2018-01-23 07:20:50 PM - INFO - Averaging...
2018-01-23 07:20:50 PM - INFO - Time taken: 6.8187713623e-05
2018-01-23 07:20:50 PM - INFO - Reading file: /home/dingu/PycharmProjects/baby_cry_detection/pc_main/../data/902 - Noise/5-243450-A.ogg ...
2018-01-23 07:20:50 PM - INFO - Time taken: 0.0580770969391
2018-01-23 07:20:50 PM - INFO - Computing zero_crossing_rate...
2018-01-23 07:20:50 PM - INFO - Time taken: 0.012913942337
2018-01-23 07:20:50 PM - INFO - Computing rmse...
2018-01-23 07:20:50 PM - INFO - Time taken: 0.00375294685364
2018-01-23 07:20:50 PM - INFO - Computing mfcc...
2018-01-23 07:20:50 PM - INFO - Time taken: 0.0369038581848
2018-01-23 07:20:50 PM - INFO - Computing spectral centroid...
2018-01-23 07:20:50 PM - INFO - Time taken: 0.0360748767853
2018-01-23 07:20:50 PM - INFO - Computing spectral rolloff...
2018-01-23 07:20:50 PM - INFO - Time taken: 0.0384800434113
2018-01-23 07:20:50 PM - INFO - Computing spectral bandwidth...
2018-01-23 07:20:50 PM - INFO - Time taken: 0.0501890182495
2018-01-23 07:20:50 PM - INFO - Averaging...
2018-01-23 07:20:50 PM - INFO - Time taken: 5.31673431396e-05
2018-01-23 07:20:50 PM - INFO - Reading file: /home/dingu/PycharmProjects/baby_cry_detection/pc_main/../data/902 - Noise/3-146697-A.ogg ...
2018-01-23 07:20:50 PM - INFO - Time taken: 0.0618569850922
2018-01-23 07:20:50 PM - INFO - Computing zero_crossing_rate...
2018-01-23 07:20:50 PM - INFO - Time taken: 0.0120759010315
2018-01-23 07:20:50 PM - INFO - Computing rmse...
2018-01-23 07:20:50 PM - INFO - Time taken: 0.00467109680176
2018-01-23 07:20:50 PM - INFO - Computing mfcc...
2018-01-23 07:20:50 PM - INFO - Time taken: 0.0373849868774
2018-01-23 07:20:50 PM - INFO - Computing spectral centroid...
2018-01-23 07:20:50 PM - INFO - Time taken: 0.032243013382
2018-01-23 07:20:50 PM - INFO - Computing spectral rolloff...
2018-01-23 07:20:51 PM - INFO - Time taken: 0.0374081134796
2018-01-23 07:20:51 PM - INFO - Computing spectral bandwidth...
2018-01-23 07:20:51 PM - INFO - Time taken: 0.0509970188141
2018-01-23 07:20:51 PM - INFO - Averaging...
2018-01-23 07:20:51 PM - INFO - Time taken: 5.79357147217e-05
2018-01-23 07:20:51 PM - INFO - Reading file: /home/dingu/PycharmProjects/baby_cry_detection/pc_main/../data/902 - Noise/3-51731-A.ogg ...
2018-01-23 07:20:51 PM - INFO - Time taken: 0.0546357631683
2018-01-23 07:20:51 PM - INFO - Computing zero_crossing_rate...
2018-01-23 07:20:51 PM - INFO - Time taken: 0.0106470584869
2018-01-23 07:20:51 PM - INFO - Computing rmse...
2018-01-23 07:20:51 PM - INFO - Time taken: 0.00330305099487
2018-01-23 07:20:51 PM - INFO - Computing mfcc...
2018-01-23 07:20:51 PM - INFO - Time taken: 0.0290660858154
2018-01-23 07:20:51 PM - INFO - Computing spectral centroid...
2018-01-23 07:20:51 PM - INFO - Time taken: 0.0309908390045
2018-01-23 07:20:51 PM - INFO - Computing spectral rolloff...
2018-01-23 07:20:51 PM - INFO - Time taken: 0.0387890338898
2018-01-23 07:20:51 PM - INFO - Computing spectral bandwidth...
2018-01-23 07:20:51 PM - INFO - Time taken: 0.0785958766937
2018-01-23 07:20:51 PM - INFO - Averaging...
2018-01-23 07:20:51 PM - INFO - Time taken: 5.50746917725e-05
2018-01-23 07:20:51 PM - INFO - Reading file: /home/dingu/PycharmProjects/baby_cry_detection/pc_main/../data/902 - Noise/4-223125-A.ogg ...
2018-01-23 07:20:51 PM - INFO - Time taken: 0.0743749141693
2018-01-23 07:20:51 PM - INFO - Computing zero_crossing_rate...
2018-01-23 07:20:51 PM - INFO - Time taken: 0.0187392234802
2018-01-23 07:20:51 PM - INFO - Computing rmse...
2018-01-23 07:20:51 PM - INFO - Time taken: 0.00377798080444
2018-01-23 07:20:51 PM - INFO - Computing mfcc...
2018-01-23 07:20:51 PM - INFO - Time taken: 0.045567035675
2018-01-23 07:20:51 PM - INFO - Computing spectral centroid...
2018-01-23 07:20:51 PM - INFO - Time taken: 0.0419070720673
2018-01-23 07:20:51 PM - INFO - Computing spectral rolloff...
2018-01-23 07:20:51 PM - INFO - Time taken: 0.0459611415863
2018-01-23 07:20:51 PM - INFO - Computing spectral bandwidth...
2018-01-23 07:20:51 PM - INFO - Time taken: 0.0577108860016
2018-01-23 07:20:51 PM - INFO - Averaging...
2018-01-23 07:20:51 PM - INFO - Time taken: 8.60691070557e-05
2018-01-23 07:20:51 PM - INFO - Reading file: /home/dingu/PycharmProjects/baby_cry_detection/pc_main/../data/902 - Noise/3-203377-A.ogg ...
2018-01-23 07:20:51 PM - INFO - Time taken: 0.0725040435791
2018-01-23 07:20:51 PM - INFO - Computing zero_crossing_rate...
2018-01-23 07:20:51 PM - INFO - Time taken: 0.0215010643005
2018-01-23 07:20:51 PM - INFO - Computing rmse...
2018-01-23 07:20:51 PM - INFO - Time taken: 0.00457787513733
2018-01-23 07:20:51 PM - INFO - Computing mfcc...
2018-01-23 07:20:51 PM - INFO - Time taken: 0.0409770011902
2018-01-23 07:20:51 PM - INFO - Computing spectral centroid...
2018-01-23 07:20:51 PM - INFO - Time taken: 0.0391108989716
2018-01-23 07:20:51 PM - INFO - Computing spectral rolloff...
2018-01-23 07:20:51 PM - INFO - Time taken: 0.0366759300232
2018-01-23 07:20:51 PM - INFO - Computing spectral bandwidth...
2018-01-23 07:20:51 PM - INFO - Time taken: 0.0571649074554
2018-01-23 07:20:51 PM - INFO - Averaging...
2018-01-23 07:20:51 PM - INFO - Time taken: 5.88893890381e-05
2018-01-23 07:20:51 PM - INFO - Reading file: /home/dingu/PycharmProjects/baby_cry_detection/pc_main/../data/902 - Noise/3-203371-A.ogg ...
2018-01-23 07:20:51 PM - INFO - Time taken: 0.0605571269989
2018-01-23 07:20:51 PM - INFO - Computing zero_crossing_rate...
2018-01-23 07:20:51 PM - INFO - Time taken: 0.0153019428253
2018-01-23 07:20:51 PM - INFO - Computing rmse...
2018-01-23 07:20:51 PM - INFO - Time taken: 0.0037739276886
2018-01-23 07:20:51 PM - INFO - Computing mfcc...
2018-01-23 07:20:52 PM - INFO - Time taken: 0.0397930145264
2018-01-23 07:20:52 PM - INFO - Computing spectral centroid...
2018-01-23 07:20:52 PM - INFO - Time taken: 0.0616149902344
2018-01-23 07:20:52 PM - INFO - Computing spectral rolloff...
2018-01-23 07:20:52 PM - INFO - Time taken: 0.0721909999847
2018-01-23 07:20:52 PM - INFO - Computing spectral bandwidth...
2018-01-23 07:20:52 PM - INFO - Time taken: 0.0672781467438
2018-01-23 07:20:52 PM - INFO - Averaging...
2018-01-23 07:20:52 PM - INFO - Time taken: 5.81741333008e-05
2018-01-23 07:20:52 PM - INFO - Reading file: /home/dingu/PycharmProjects/baby_cry_detection/pc_main/../data/902 - Noise/5-257839-A.ogg ...
2018-01-23 07:20:52 PM - INFO - Time taken: 0.0974299907684
2018-01-23 07:20:52 PM - INFO - Computing zero_crossing_rate...
2018-01-23 07:20:52 PM - INFO - Time taken: 0.0171949863434
2018-01-23 07:20:52 PM - INFO - Computing rmse...
2018-01-23 07:20:52 PM - INFO - Time taken: 0.00656795501709
2018-01-23 07:20:52 PM - INFO - Computing mfcc...
2018-01-23 07:20:52 PM - INFO - Time taken: 0.0463888645172
2018-01-23 07:20:52 PM - INFO - Computing spectral centroid...
2018-01-23 07:20:52 PM - INFO - Time taken: 0.0445120334625
2018-01-23 07:20:52 PM - INFO - Computing spectral rolloff...
2018-01-23 07:20:52 PM - INFO - Time taken: 0.0470900535583
2018-01-23 07:20:52 PM - INFO - Computing spectral bandwidth...
2018-01-23 07:20:52 PM - INFO - Time taken: 0.0519640445709
2018-01-23 07:20:52 PM - INFO - Averaging...
2018-01-23 07:20:52 PM - INFO - Time taken: 5.29289245605e-05
2018-01-23 07:20:52 PM - INFO - Reading file: /home/dingu/PycharmProjects/baby_cry_detection/pc_main/../data/902 - Noise/5-243448-A.ogg ...
2018-01-23 07:20:52 PM - INFO - Time taken: 0.0566248893738
2018-01-23 07:20:52 PM - INFO - Computing zero_crossing_rate...
2018-01-23 07:20:52 PM - INFO - Time taken: 0.0181839466095
2018-01-23 07:20:52 PM - INFO - Computing rmse...
2018-01-23 07:20:52 PM - INFO - Time taken: 0.00398898124695
2018-01-23 07:20:52 PM - INFO - Computing mfcc...
2018-01-23 07:20:52 PM - INFO - Time taken: 0.0509750843048
2018-01-23 07:20:52 PM - INFO - Computing spectral centroid...
2018-01-23 07:20:52 PM - INFO - Time taken: 0.0502378940582
2018-01-23 07:20:52 PM - INFO - Computing spectral rolloff...
2018-01-23 07:20:52 PM - INFO - Time taken: 0.0511500835419
2018-01-23 07:20:52 PM - INFO - Computing spectral bandwidth...
2018-01-23 07:20:52 PM - INFO - Time taken: 0.050833940506
2018-01-23 07:20:52 PM - INFO - Averaging...
2018-01-23 07:20:52 PM - INFO - Time taken: 6.69956207275e-05
2018-01-23 07:20:52 PM - INFO - Reading file: /home/dingu/PycharmProjects/baby_cry_detection/pc_main/../data/902 - Noise/4-165813-A.ogg ...
2018-01-23 07:20:52 PM - INFO - Time taken: 0.0803380012512
2018-01-23 07:20:52 PM - INFO - Computing zero_crossing_rate...
2018-01-23 07:20:52 PM - INFO - Time taken: 0.0164849758148
2018-01-23 07:20:52 PM - INFO - Computing rmse...
2018-01-23 07:20:52 PM - INFO - Time taken: 0.00372910499573
2018-01-23 07:20:52 PM - INFO - Computing mfcc...
2018-01-23 07:20:52 PM - INFO - Time taken: 0.0435090065002
2018-01-23 07:20:52 PM - INFO - Computing spectral centroid...
2018-01-23 07:20:53 PM - INFO - Time taken: 0.0497648715973
2018-01-23 07:20:53 PM - INFO - Computing spectral rolloff...
2018-01-23 07:20:53 PM - INFO - Time taken: 0.053074836731
2018-01-23 07:20:53 PM - INFO - Computing spectral bandwidth...
2018-01-23 07:20:53 PM - INFO - Time taken: 0.0493071079254
2018-01-23 07:20:53 PM - INFO - Averaging...
2018-01-23 07:20:53 PM - INFO - Time taken: 5.69820404053e-05
2018-01-23 07:20:53 PM - INFO - Reading file: /home/dingu/PycharmProjects/baby_cry_detection/pc_main/../data/902 - Noise/1-30344-A.ogg ...
2018-01-23 07:20:53 PM - INFO - Time taken: 0.065869808197
2018-01-23 07:20:53 PM - INFO - Computing zero_crossing_rate...
2018-01-23 07:20:53 PM - INFO - Time taken: 0.011923789978
2018-01-23 07:20:53 PM - INFO - Computing rmse...
2018-01-23 07:20:53 PM - INFO - Time taken: 0.00347781181335
2018-01-23 07:20:53 PM - INFO - Computing mfcc...
2018-01-23 07:20:53 PM - INFO - Time taken: 0.0279490947723
2018-01-23 07:20:53 PM - INFO - Computing spectral centroid...
2018-01-23 07:20:53 PM - INFO - Time taken: 0.0348498821259
2018-01-23 07:20:53 PM - INFO - Computing spectral rolloff...
2018-01-23 07:20:53 PM - INFO - Time taken: 0.0365018844604
2018-01-23 07:20:53 PM - INFO - Computing spectral bandwidth...
2018-01-23 07:20:53 PM - INFO - Time taken: 0.049211025238
2018-01-23 07:20:53 PM - INFO - Averaging...
2018-01-23 07:20:53 PM - INFO - Time taken: 5.69820404053e-05
2018-01-23 07:20:53 PM - INFO - Reading file: /home/dingu/PycharmProjects/baby_cry_detection/pc_main/../data/902 - Noise/1-13571-A.ogg ...
2018-01-23 07:20:53 PM - INFO - Time taken: 0.0678789615631
2018-01-23 07:20:53 PM - INFO - Computing zero_crossing_rate...
2018-01-23 07:20:53 PM - INFO - Time taken: 0.0109870433807
2018-01-23 07:20:53 PM - INFO - Computing rmse...
2018-01-23 07:20:53 PM - INFO - Time taken: 0.00329995155334
2018-01-23 07:20:53 PM - INFO - Computing mfcc...
2018-01-23 07:20:53 PM - INFO - Time taken: 0.0354549884796
2018-01-23 07:20:53 PM - INFO - Computing spectral centroid...
2018-01-23 07:20:53 PM - INFO - Time taken: 0.0267300605774
2018-01-23 07:20:53 PM - INFO - Computing spectral rolloff...
2018-01-23 07:20:53 PM - INFO - Time taken: 0.0336768627167
2018-01-23 07:20:53 PM - INFO - Computing spectral bandwidth...
2018-01-23 07:20:53 PM - INFO - Time taken: 0.0699348449707
2018-01-23 07:20:53 PM - INFO - Averaging...
2018-01-23 07:20:53 PM - INFO - Time taken: 5.41210174561e-05
2018-01-23 07:20:53 PM - INFO - Reading file: /home/dingu/PycharmProjects/baby_cry_detection/pc_main/../data/902 - Noise/2-57191-A.ogg ...
2018-01-23 07:20:53 PM - INFO - Time taken: 0.110327959061
2018-01-23 07:20:53 PM - INFO - Computing zero_crossing_rate...
2018-01-23 07:20:53 PM - INFO - Time taken: 0.0172169208527
2018-01-23 07:20:53 PM - INFO - Computing rmse...
2018-01-23 07:20:53 PM - INFO - Time taken: 0.00380206108093
2018-01-23 07:20:53 PM - INFO - Computing mfcc...
2018-01-23 07:20:53 PM - INFO - Time taken: 0.0741219520569
2018-01-23 07:20:53 PM - INFO - Computing spectral centroid...
2018-01-23 07:20:53 PM - INFO - Time taken: 0.0675988197327
2018-01-23 07:20:53 PM - INFO - Computing spectral rolloff...
2018-01-23 07:20:53 PM - INFO - Time taken: 0.0927879810333
2018-01-23 07:20:53 PM - INFO - Computing spectral bandwidth...
2018-01-23 07:20:54 PM - INFO - Time taken: 0.114841938019
2018-01-23 07:20:54 PM - INFO - Averaging...
2018-01-23 07:20:54 PM - INFO - Time taken: 0.000186920166016
2018-01-23 07:20:54 PM - INFO - Reading file: /home/dingu/PycharmProjects/baby_cry_detection/pc_main/../data/902 - Noise/1-56380-A.ogg ...
2018-01-23 07:20:54 PM - INFO - Time taken: 0.12583398819
2018-01-23 07:20:54 PM - INFO - Computing zero_crossing_rate...
2018-01-23 07:20:54 PM - INFO - Time taken: 0.0349538326263
2018-01-23 07:20:54 PM - INFO - Computing rmse...
2018-01-23 07:20:54 PM - INFO - Time taken: 0.00676393508911
2018-01-23 07:20:54 PM - INFO - Computing mfcc...
2018-01-23 07:20:54 PM - INFO - Time taken: 0.0904860496521
2018-01-23 07:20:54 PM - INFO - Computing spectral centroid...
2018-01-23 07:20:54 PM - INFO - Time taken: 0.0702590942383
2018-01-23 07:20:54 PM - INFO - Computing spectral rolloff...
2018-01-23 07:20:54 PM - INFO - Time taken: 0.0677011013031
2018-01-23 07:20:54 PM - INFO - Computing spectral bandwidth...
2018-01-23 07:20:54 PM - INFO - Time taken: 0.101006031036
2018-01-23 07:20:54 PM - INFO - Averaging...
2018-01-23 07:20:54 PM - INFO - Time taken: 0.000136137008667
2018-01-23 07:20:54 PM - INFO - Reading file: /home/dingu/PycharmProjects/baby_cry_detection/pc_main/../data/902 - Noise/2-82274-B.ogg ...
2018-01-23 07:20:54 PM - INFO - Time taken: 0.143333911896
2018-01-23 07:20:54 PM - INFO - Computing zero_crossing_rate...
2018-01-23 07:20:54 PM - INFO - Time taken: 0.0273349285126
2018-01-23 07:20:54 PM - INFO - Computing rmse...
2018-01-23 07:20:54 PM - INFO - Time taken: 0.00817799568176
2018-01-23 07:20:54 PM - INFO - Computing mfcc...
2018-01-23 07:20:54 PM - INFO - Time taken: 0.0863809585571
2018-01-23 07:20:54 PM - INFO - Computing spectral centroid...
2018-01-23 07:20:54 PM - INFO - Time taken: 0.0653810501099
2018-01-23 07:20:54 PM - INFO - Computing spectral rolloff...
2018-01-23 07:20:54 PM - INFO - Time taken: 0.0478780269623
2018-01-23 07:20:54 PM - INFO - Computing spectral bandwidth...
2018-01-23 07:20:55 PM - INFO - Time taken: 0.101539850235
2018-01-23 07:20:55 PM - INFO - Averaging...
2018-01-23 07:20:55 PM - INFO - Time taken: 0.00012993812561
2018-01-23 07:20:55 PM - INFO - Reading file: /home/dingu/PycharmProjects/baby_cry_detection/pc_main/../data/902 - Noise/3-153057-A.ogg ...
2018-01-23 07:20:55 PM - INFO - Time taken: 0.117456912994
2018-01-23 07:20:55 PM - INFO - Computing zero_crossing_rate...
2018-01-23 07:20:55 PM - INFO - Time taken: 0.0285341739655
2018-01-23 07:20:55 PM - INFO - Computing rmse...
2018-01-23 07:20:55 PM - INFO - Time taken: 0.00671982765198
2018-01-23 07:20:55 PM - INFO - Computing mfcc...
2018-01-23 07:20:55 PM - INFO - Time taken: 0.0691220760345
2018-01-23 07:20:55 PM - INFO - Computing spectral centroid...
2018-01-23 07:20:55 PM - INFO - Time taken: 0.0606329441071
2018-01-23 07:20:55 PM - INFO - Computing spectral rolloff...
2018-01-23 07:20:55 PM - INFO - Time taken: 0.0502669811249
2018-01-23 07:20:55 PM - INFO - Computing spectral bandwidth...
2018-01-23 07:20:55 PM - INFO - Time taken: 0.0715370178223
2018-01-23 07:20:55 PM - INFO - Averaging...
2018-01-23 07:20:55 PM - INFO - Time taken: 0.000253200531006
2018-01-23 07:20:55 PM - INFO - Reading file: /home/dingu/PycharmProjects/baby_cry_detection/pc_main/../data/902 - Noise/4-204115-A.ogg ...
2018-01-23 07:20:55 PM - INFO - Time taken: 0.0886690616608
2018-01-23 07:20:55 PM - INFO - Computing zero_crossing_rate...
2018-01-23 07:20:55 PM - INFO - Time taken: 0.030699968338
2018-01-23 07:20:55 PM - INFO - Computing rmse...
2018-01-23 07:20:55 PM - INFO - Time taken: 0.00584197044373
2018-01-23 07:20:55 PM - INFO - Computing mfcc...
2018-01-23 07:20:55 PM - INFO - Time taken: 0.0714609622955
2018-01-23 07:20:55 PM - INFO - Computing spectral centroid...
2018-01-23 07:20:55 PM - INFO - Time taken: 0.0491020679474
2018-01-23 07:20:55 PM - INFO - Computing spectral rolloff...
2018-01-23 07:20:55 PM - INFO - Time taken: 0.0907127857208
2018-01-23 07:20:55 PM - INFO - Computing spectral bandwidth...
2018-01-23 07:20:55 PM - INFO - Time taken: 0.0516319274902
2018-01-23 07:20:55 PM - INFO - Averaging...
2018-01-23 07:20:55 PM - INFO - Time taken: 0.000153064727783
2018-01-23 07:20:55 PM - INFO - Reading file: /home/dingu/PycharmProjects/baby_cry_detection/pc_main/../data/902 - Noise/3-216281-A.ogg ...
2018-01-23 07:20:55 PM - INFO - Time taken: 0.124807834625
2018-01-23 07:20:55 PM - INFO - Computing zero_crossing_rate...
2018-01-23 07:20:56 PM - INFO - Time taken: 0.0228719711304
2018-01-23 07:20:56 PM - INFO - Computing rmse...
2018-01-23 07:20:56 PM - INFO - Time taken: 0.00846910476685
2018-01-23 07:20:56 PM - INFO - Computing mfcc...
2018-01-23 07:20:56 PM - INFO - Time taken: 0.0712559223175
2018-01-23 07:20:56 PM - INFO - Computing spectral centroid...
2018-01-23 07:20:56 PM - INFO - Time taken: 0.0876939296722
2018-01-23 07:20:56 PM - INFO - Computing spectral rolloff...
2018-01-23 07:20:56 PM - INFO - Time taken: 0.0605971813202
2018-01-23 07:20:56 PM - INFO - Computing spectral bandwidth...
2018-01-23 07:20:56 PM - INFO - Time taken: 0.0847949981689
2018-01-23 07:20:56 PM - INFO - Averaging...
2018-01-23 07:20:56 PM - INFO - Time taken: 6.98566436768e-05
2018-01-23 07:20:56 PM - INFO - Reading file: /home/dingu/PycharmProjects/baby_cry_detection/pc_main/../data/902 - Noise/3-130998-A.ogg ...
2018-01-23 07:20:56 PM - INFO - Time taken: 0.137436151505
2018-01-23 07:20:56 PM - INFO - Computing zero_crossing_rate...
2018-01-23 07:20:56 PM - INFO - Time taken: 0.0239129066467
2018-01-23 07:20:56 PM - INFO - Computing rmse...
2018-01-23 07:20:56 PM - INFO - Time taken: 0.00596404075623
2018-01-23 07:20:56 PM - INFO - Computing mfcc...
2018-01-23 07:20:56 PM - INFO - Time taken: 0.0743508338928
2018-01-23 07:20:56 PM - INFO - Computing spectral centroid...
2018-01-23 07:20:56 PM - INFO - Time taken: 0.0812659263611
2018-01-23 07:20:56 PM - INFO - Computing spectral rolloff...
2018-01-23 07:20:56 PM - INFO - Time taken: 0.072026014328
2018-01-23 07:20:56 PM - INFO - Computing spectral bandwidth...
2018-01-23 07:20:56 PM - INFO - Time taken: 0.0901401042938
2018-01-23 07:20:56 PM - INFO - Averaging...
2018-01-23 07:20:56 PM - INFO - Time taken: 0.000118017196655
2018-01-23 07:20:56 PM - INFO - Reading file: /home/dingu/PycharmProjects/baby_cry_detection/pc_main/../data/902 - Noise/1-59513-A.ogg ...
2018-01-23 07:20:56 PM - INFO - Time taken: 0.120934963226
2018-01-23 07:20:56 PM - INFO - Computing zero_crossing_rate...
2018-01-23 07:20:56 PM - INFO - Time taken: 0.0201461315155
2018-01-23 07:20:56 PM - INFO - Computing rmse...
2018-01-23 07:20:56 PM - INFO - Time taken: 0.00624203681946
2018-01-23 07:20:56 PM - INFO - Computing mfcc...
2018-01-23 07:20:57 PM - INFO - Time taken: 0.0583479404449
2018-01-23 07:20:57 PM - INFO - Computing spectral centroid...
2018-01-23 07:20:57 PM - INFO - Time taken: 0.0528490543365
2018-01-23 07:20:57 PM - INFO - Computing spectral rolloff...
2018-01-23 07:20:57 PM - INFO - Time taken: 0.0592601299286
2018-01-23 07:20:57 PM - INFO - Computing spectral bandwidth...
2018-01-23 07:20:57 PM - INFO - Time taken: 0.0732719898224
2018-01-23 07:20:57 PM - INFO - Averaging...
2018-01-23 07:20:57 PM - INFO - Time taken: 0.000108957290649
2018-01-23 07:20:57 PM - INFO - Reading file: /home/dingu/PycharmProjects/baby_cry_detection/pc_main/../data/902 - Noise/1-13572-A.ogg ...
2018-01-23 07:20:57 PM - INFO - Time taken: 0.178375005722
2018-01-23 07:20:57 PM - INFO - Computing zero_crossing_rate...
2018-01-23 07:20:57 PM - INFO - Time taken: 0.0219540596008
2018-01-23 07:20:57 PM - INFO - Computing rmse...
2018-01-23 07:20:57 PM - INFO - Time taken: 0.00578022003174
2018-01-23 07:20:57 PM - INFO - Computing mfcc...
2018-01-23 07:20:57 PM - INFO - Time taken: 0.0569298267365
2018-01-23 07:20:57 PM - INFO - Computing spectral centroid...
2018-01-23 07:20:57 PM - INFO - Time taken: 0.0433828830719
2018-01-23 07:20:57 PM - INFO - Computing spectral rolloff...
2018-01-23 07:20:57 PM - INFO - Time taken: 0.0435538291931
2018-01-23 07:20:57 PM - INFO - Computing spectral bandwidth...
2018-01-23 07:20:57 PM - INFO - Time taken: 0.0727081298828
2018-01-23 07:20:57 PM - INFO - Averaging...
2018-01-23 07:20:57 PM - INFO - Time taken: 0.000125885009766
2018-01-23 07:20:57 PM - INFO - Reading file: /home/dingu/PycharmProjects/baby_cry_detection/pc_main/../data/902 - Noise/1-40154-A.ogg ...
2018-01-23 07:20:57 PM - INFO - Time taken: 0.164501905441
2018-01-23 07:20:57 PM - INFO - Computing zero_crossing_rate...
2018-01-23 07:20:57 PM - INFO - Time taken: 0.0300228595734
2018-01-23 07:20:57 PM - INFO - Computing rmse...
2018-01-23 07:20:57 PM - INFO - Time taken: 0.011292219162
2018-01-23 07:20:57 PM - INFO - Computing mfcc...
2018-01-23 07:20:57 PM - INFO - Time taken: 0.0596199035645
2018-01-23 07:20:57 PM - INFO - Computing spectral centroid...
2018-01-23 07:20:57 PM - INFO - Time taken: 0.0365920066833
2018-01-23 07:20:57 PM - INFO - Computing spectral rolloff...
2018-01-23 07:20:57 PM - INFO - Time taken: 0.0460901260376
2018-01-23 07:20:57 PM - INFO - Computing spectral bandwidth...
2018-01-23 07:20:58 PM - INFO - Time taken: 0.0496530532837
2018-01-23 07:20:58 PM - INFO - Averaging...
2018-01-23 07:20:58 PM - INFO - Time taken: 5.79357147217e-05
2018-01-23 07:20:58 PM - INFO - Reading file: /home/dingu/PycharmProjects/baby_cry_detection/pc_main/../data/902 - Noise/1-79113-A.ogg ...
2018-01-23 07:20:58 PM - INFO - Time taken: 0.0677309036255
2018-01-23 07:20:58 PM - INFO - Computing zero_crossing_rate...
2018-01-23 07:20:58 PM - INFO - Time taken: 0.0190849304199
2018-01-23 07:20:58 PM - INFO - Computing rmse...
2018-01-23 07:20:58 PM - INFO - Time taken: 0.0039119720459
2018-01-23 07:20:58 PM - INFO - Computing mfcc...
2018-01-23 07:20:58 PM - INFO - Time taken: 0.0303659439087
2018-01-23 07:20:58 PM - INFO - Computing spectral centroid...
2018-01-23 07:20:58 PM - INFO - Time taken: 0.0348131656647
2018-01-23 07:20:58 PM - INFO - Computing spectral rolloff...
2018-01-23 07:20:58 PM - INFO - Time taken: 0.0356390476227
2018-01-23 07:20:58 PM - INFO - Computing spectral bandwidth...
2018-01-23 07:20:58 PM - INFO - Time taken: 0.0526201725006
2018-01-23 07:20:58 PM - INFO - Averaging...
2018-01-23 07:20:58 PM - INFO - Time taken: 7.48634338379e-05
2018-01-23 07:20:58 PM - INFO - Reading file: /home/dingu/PycharmProjects/baby_cry_detection/pc_main/../data/902 - Noise/5-156999-D.ogg ...
2018-01-23 07:20:58 PM - INFO - Time taken: 0.0854229927063
2018-01-23 07:20:58 PM - INFO - Computing zero_crossing_rate...
2018-01-23 07:20:58 PM - INFO - Time taken: 0.0110478401184
2018-01-23 07:20:58 PM - INFO - Computing rmse...
2018-01-23 07:20:58 PM - INFO - Time taken: 0.00483584403992
2018-01-23 07:20:58 PM - INFO - Computing mfcc...
2018-01-23 07:20:58 PM - INFO - Time taken: 0.0377609729767
2018-01-23 07:20:58 PM - INFO - Computing spectral centroid...
2018-01-23 07:20:58 PM - INFO - Time taken: 0.0386328697205
2018-01-23 07:20:58 PM - INFO - Computing spectral rolloff...
2018-01-23 07:20:58 PM - INFO - Time taken: 0.039803981781
2018-01-23 07:20:58 PM - INFO - Computing spectral bandwidth...
2018-01-23 07:20:58 PM - INFO - Time taken: 0.0578310489655
2018-01-23 07:20:58 PM - INFO - Averaging...
2018-01-23 07:20:58 PM - INFO - Time taken: 0.0001060962677
2018-01-23 07:20:58 PM - INFO - Reading file: /home/dingu/PycharmProjects/baby_cry_detection/pc_main/../data/902 - Noise/4-184235-A.ogg ...
2018-01-23 07:20:58 PM - INFO - Time taken: 0.0962359905243
2018-01-23 07:20:58 PM - INFO - Computing zero_crossing_rate...
2018-01-23 07:20:58 PM - INFO - Time taken: 0.0120921134949
2018-01-23 07:20:58 PM - INFO - Computing rmse...
2018-01-23 07:20:58 PM - INFO - Time taken: 0.00359201431274
2018-01-23 07:20:58 PM - INFO - Computing mfcc...
2018-01-23 07:20:58 PM - INFO - Time taken: 0.0285341739655
2018-01-23 07:20:58 PM - INFO - Computing spectral centroid...
2018-01-23 07:20:58 PM - INFO - Time taken: 0.0331461429596
2018-01-23 07:20:58 PM - INFO - Computing spectral rolloff...
2018-01-23 07:20:58 PM - INFO - Time taken: 0.0363619327545
2018-01-23 07:20:58 PM - INFO - Computing spectral bandwidth...
2018-01-23 07:20:58 PM - INFO - Time taken: 0.0785558223724
2018-01-23 07:20:58 PM - INFO - Averaging...
2018-01-23 07:20:58 PM - INFO - Time taken: 0.000164031982422
2018-01-23 07:20:58 PM - INFO - Reading file: /home/dingu/PycharmProjects/baby_cry_detection/pc_main/../data/902 - Noise/4-180337-A.ogg ...
2018-01-23 07:20:59 PM - INFO - Time taken: 0.245867967606
2018-01-23 07:20:59 PM - INFO - Computing zero_crossing_rate...
2018-01-23 07:20:59 PM - INFO - Time taken: 0.0133140087128
2018-01-23 07:20:59 PM - INFO - Computing rmse...
2018-01-23 07:20:59 PM - INFO - Time taken: 0.00361013412476
2018-01-23 07:20:59 PM - INFO - Computing mfcc...
2018-01-23 07:20:59 PM - INFO - Time taken: 0.0396811962128
2018-01-23 07:20:59 PM - INFO - Computing spectral centroid...
2018-01-23 07:20:59 PM - INFO - Time taken: 0.0433928966522
2018-01-23 07:20:59 PM - INFO - Computing spectral rolloff...
2018-01-23 07:20:59 PM - INFO - Time taken: 0.0402019023895
2018-01-23 07:20:59 PM - INFO - Computing spectral bandwidth...
2018-01-23 07:20:59 PM - INFO - Time taken: 0.0601470470428
2018-01-23 07:20:59 PM - INFO - Averaging...
2018-01-23 07:20:59 PM - INFO - Time taken: 7.5101852417e-05
2018-01-23 07:20:59 PM - INFO - Reading file: /home/dingu/PycharmProjects/baby_cry_detection/pc_main/../data/902 - Noise/1-56380-B.ogg ...
2018-01-23 07:20:59 PM - INFO - Time taken: 0.0833859443665
2018-01-23 07:20:59 PM - INFO - Computing zero_crossing_rate...
2018-01-23 07:20:59 PM - INFO - Time taken: 0.0172908306122
2018-01-23 07:20:59 PM - INFO - Computing rmse...
2018-01-23 07:20:59 PM - INFO - Time taken: 0.0040340423584
2018-01-23 07:20:59 PM - INFO - Computing mfcc...
2018-01-23 07:20:59 PM - INFO - Time taken: 0.0321869850159
2018-01-23 07:20:59 PM - INFO - Computing spectral centroid...
2018-01-23 07:20:59 PM - INFO - Time taken: 0.0365560054779
2018-01-23 07:20:59 PM - INFO - Computing spectral rolloff...
2018-01-23 07:20:59 PM - INFO - Time taken: 0.0436160564423
2018-01-23 07:20:59 PM - INFO - Computing spectral bandwidth...
2018-01-23 07:20:59 PM - INFO - Time taken: 0.0633509159088
2018-01-23 07:20:59 PM - INFO - Averaging...
2018-01-23 07:20:59 PM - INFO - Time taken: 0.000144958496094
2018-01-23 07:20:59 PM - INFO - Reading file: /home/dingu/PycharmProjects/baby_cry_detection/pc_main/../data/902 - Noise/3-151557-B.ogg ...
2018-01-23 07:20:59 PM - INFO - Time taken: 0.0840878486633
2018-01-23 07:20:59 PM - INFO - Computing zero_crossing_rate...
2018-01-23 07:20:59 PM - INFO - Time taken: 0.0137119293213
2018-01-23 07:20:59 PM - INFO - Computing rmse...
2018-01-23 07:20:59 PM - INFO - Time taken: 0.00769400596619
2018-01-23 07:20:59 PM - INFO - Computing mfcc...
2018-01-23 07:20:59 PM - INFO - Time taken: 0.058776140213
2018-01-23 07:20:59 PM - INFO - Computing spectral centroid...
2018-01-23 07:20:59 PM - INFO - Time taken: 0.0983331203461
2018-01-23 07:20:59 PM - INFO - Computing spectral rolloff...
2018-01-23 07:20:59 PM - INFO - Time taken: 0.0591058731079
2018-01-23 07:20:59 PM - INFO - Computing spectral bandwidth...
2018-01-23 07:20:59 PM - INFO - Time taken: 0.0770149230957
2018-01-23 07:20:59 PM - INFO - Averaging...
2018-01-23 07:20:59 PM - INFO - Time taken: 5.41210174561e-05
2018-01-23 07:20:59 PM - INFO - Reading file: /home/dingu/PycharmProjects/baby_cry_detection/pc_main/../data/902 - Noise/1-85362-A.ogg ...
2018-01-23 07:21:00 PM - INFO - Time taken: 0.0737001895905
2018-01-23 07:21:00 PM - INFO - Computing zero_crossing_rate...
2018-01-23 07:21:00 PM - INFO - Time taken: 0.0193870067596
2018-01-23 07:21:00 PM - INFO - Computing rmse...
2018-01-23 07:21:00 PM - INFO - Time taken: 0.00690007209778
2018-01-23 07:21:00 PM - INFO - Computing mfcc...
2018-01-23 07:21:00 PM - INFO - Time taken: 0.0367708206177
2018-01-23 07:21:00 PM - INFO - Computing spectral centroid...
2018-01-23 07:21:00 PM - INFO - Time taken: 0.0490038394928
2018-01-23 07:21:00 PM - INFO - Computing spectral rolloff...
2018-01-23 07:21:00 PM - INFO - Time taken: 0.0535778999329
2018-01-23 07:21:00 PM - INFO - Computing spectral bandwidth...
2018-01-23 07:21:00 PM - INFO - Time taken: 0.0624840259552
2018-01-23 07:21:00 PM - INFO - Averaging...
2018-01-23 07:21:00 PM - INFO - Time taken: 0.000123977661133
2018-01-23 07:21:00 PM - INFO - Reading file: /home/dingu/PycharmProjects/baby_cry_detection/pc_main/../data/902 - Noise/1-34094-A.ogg ...
2018-01-23 07:21:00 PM - INFO - Time taken: 0.118687868118
2018-01-23 07:21:00 PM - INFO - Computing zero_crossing_rate...
2018-01-23 07:21:00 PM - INFO - Time taken: 0.0170121192932
2018-01-23 07:21:00 PM - INFO - Computing rmse...
2018-01-23 07:21:00 PM - INFO - Time taken: 0.00508403778076
2018-01-23 07:21:00 PM - INFO - Computing mfcc...
2018-01-23 07:21:00 PM - INFO - Time taken: 0.0477511882782
2018-01-23 07:21:00 PM - INFO - Computing spectral centroid...
2018-01-23 07:21:00 PM - INFO - Time taken: 0.0612699985504
2018-01-23 07:21:00 PM - INFO - Computing spectral rolloff...
2018-01-23 07:21:00 PM - INFO - Time taken: 0.0706820487976
2018-01-23 07:21:00 PM - INFO - Computing spectral bandwidth...
2018-01-23 07:21:00 PM - INFO - Time taken: 0.0810289382935
2018-01-23 07:21:00 PM - INFO - Averaging...
2018-01-23 07:21:00 PM - INFO - Time taken: 0.00010085105896
2018-01-23 07:21:00 PM - INFO - Reading file: /home/dingu/PycharmProjects/baby_cry_detection/pc_main/../data/902 - Noise/3-124795-A.ogg ...
2018-01-23 07:21:00 PM - INFO - Time taken: 0.288562059402
2018-01-23 07:21:00 PM - INFO - Computing zero_crossing_rate...
2018-01-23 07:21:01 PM - INFO - Time taken: 0.0391941070557
2018-01-23 07:21:01 PM - INFO - Computing rmse...
2018-01-23 07:21:01 PM - INFO - Time taken: 0.00606799125671
2018-01-23 07:21:01 PM - INFO - Computing mfcc...
2018-01-23 07:21:01 PM - INFO - Time taken: 0.0648519992828
2018-01-23 07:21:01 PM - INFO - Computing spectral centroid...
2018-01-23 07:21:01 PM - INFO - Time taken: 0.0459589958191
2018-01-23 07:21:01 PM - INFO - Computing spectral rolloff...
2018-01-23 07:21:01 PM - INFO - Time taken: 0.0827920436859
2018-01-23 07:21:01 PM - INFO - Computing spectral bandwidth...
2018-01-23 07:21:01 PM - INFO - Time taken: 0.0888440608978
2018-01-23 07:21:01 PM - INFO - Averaging...
2018-01-23 07:21:01 PM - INFO - Time taken: 0.000135898590088
2018-01-23 07:21:01 PM - INFO - Reading file: /home/dingu/PycharmProjects/baby_cry_detection/pc_main/../data/902 - Noise/3-203374-A.ogg ...
2018-01-23 07:21:01 PM - INFO - Time taken: 0.135865926743
2018-01-23 07:21:01 PM - INFO - Computing zero_crossing_rate...
2018-01-23 07:21:01 PM - INFO - Time taken: 0.026682138443
2018-01-23 07:21:01 PM - INFO - Computing rmse...
2018-01-23 07:21:01 PM - INFO - Time taken: 0.010559797287
2018-01-23 07:21:01 PM - INFO - Computing mfcc...
2018-01-23 07:21:01 PM - INFO - Time taken: 0.0858469009399
2018-01-23 07:21:01 PM - INFO - Computing spectral centroid...
2018-01-23 07:21:01 PM - INFO - Time taken: 0.058874130249
2018-01-23 07:21:01 PM - INFO - Computing spectral rolloff...
2018-01-23 07:21:01 PM - INFO - Time taken: 0.0531129837036
2018-01-23 07:21:01 PM - INFO - Computing spectral bandwidth...
2018-01-23 07:21:01 PM - INFO - Time taken: 0.0906388759613
2018-01-23 07:21:01 PM - INFO - Averaging...
2018-01-23 07:21:01 PM - INFO - Time taken: 8.10623168945e-05
2018-01-23 07:21:01 PM - INFO - Reading file: /home/dingu/PycharmProjects/baby_cry_detection/pc_main/../data/902 - Noise/1-110389-A.ogg ...
2018-01-23 07:21:01 PM - INFO - Time taken: 0.12748003006
2018-01-23 07:21:01 PM - INFO - Computing zero_crossing_rate...
2018-01-23 07:21:01 PM - INFO - Time taken: 0.0314710140228
2018-01-23 07:21:01 PM - INFO - Computing rmse...
2018-01-23 07:21:01 PM - INFO - Time taken: 0.00610613822937
2018-01-23 07:21:01 PM - INFO - Computing mfcc...
2018-01-23 07:21:02 PM - INFO - Time taken: 0.0998539924622
2018-01-23 07:21:02 PM - INFO - Computing spectral centroid...
2018-01-23 07:21:02 PM - INFO - Time taken: 0.0524590015411
2018-01-23 07:21:02 PM - INFO - Computing spectral rolloff...
2018-01-23 07:21:02 PM - INFO - Time taken: 0.0600051879883
2018-01-23 07:21:02 PM - INFO - Computing spectral bandwidth...
2018-01-23 07:21:02 PM - INFO - Time taken: 0.101684093475
2018-01-23 07:21:02 PM - INFO - Averaging...
2018-01-23 07:21:02 PM - INFO - Time taken: 0.000308990478516
2018-01-23 07:21:02 PM - INFO - Reading file: /home/dingu/PycharmProjects/baby_cry_detection/pc_main/../data/902 - Noise/2-69131-A.ogg ...
2018-01-23 07:21:02 PM - INFO - Time taken: 0.146625041962
2018-01-23 07:21:02 PM - INFO - Computing zero_crossing_rate...
2018-01-23 07:21:02 PM - INFO - Time taken: 0.0280780792236
2018-01-23 07:21:02 PM - INFO - Computing rmse...
2018-01-23 07:21:02 PM - INFO - Time taken: 0.010244846344
2018-01-23 07:21:02 PM - INFO - Computing mfcc...
2018-01-23 07:21:02 PM - INFO - Time taken: 0.0779139995575
2018-01-23 07:21:02 PM - INFO - Computing spectral centroid...
2018-01-23 07:21:02 PM - INFO - Time taken: 0.0801160335541
2018-01-23 07:21:02 PM - INFO - Computing spectral rolloff...
2018-01-23 07:21:02 PM - INFO - Time taken: 0.074471950531
2018-01-23 07:21:02 PM - INFO - Computing spectral bandwidth...
2018-01-23 07:21:02 PM - INFO - Time taken: 0.103543996811
2018-01-23 07:21:02 PM - INFO - Averaging...
2018-01-23 07:21:02 PM - INFO - Time taken: 0.000138998031616
2018-01-23 07:21:02 PM - INFO - Reading file: /home/dingu/PycharmProjects/baby_cry_detection/pc_main/../data/902 - Noise/3-51909-B.ogg ...
2018-01-23 07:21:03 PM - INFO - Time taken: 0.259440898895
2018-01-23 07:21:03 PM - INFO - Computing zero_crossing_rate...
2018-01-23 07:21:03 PM - INFO - Time taken: 0.0331721305847
2018-01-23 07:21:03 PM - INFO - Computing rmse...
2018-01-23 07:21:03 PM - INFO - Time taken: 0.00613713264465
2018-01-23 07:21:03 PM - INFO - Computing mfcc...
2018-01-23 07:21:03 PM - INFO - Time taken: 0.0670869350433
2018-01-23 07:21:03 PM - INFO - Computing spectral centroid...
2018-01-23 07:21:03 PM - INFO - Time taken: 0.0507669448853
2018-01-23 07:21:03 PM - INFO - Computing spectral rolloff...
2018-01-23 07:21:03 PM - INFO - Time taken: 0.0590169429779
2018-01-23 07:21:03 PM - INFO - Computing spectral bandwidth...
2018-01-23 07:21:03 PM - INFO - Time taken: 0.103803873062
2018-01-23 07:21:03 PM - INFO - Averaging...
2018-01-23 07:21:03 PM - INFO - Time taken: 0.000108003616333
2018-01-23 07:21:03 PM - INFO - Reading file: /home/dingu/PycharmProjects/baby_cry_detection/pc_main/../data/902 - Noise/5-156999-C.ogg ...
