2018-02-07 06:31:26 AM - INFO - Creating training set...
2018-02-07 06:31:26 AM - INFO - Reading file: /home/dingu/PycharmProjects/baby_cry_detection/pc_main/../data/902 - Noise/1-30226-A.ogg ...
2018-02-07 06:31:27 AM - INFO - Time taken: 0.703613996506
2018-02-07 06:31:27 AM - INFO - Computing zero_crossing_rate...
2018-02-07 06:31:27 AM - INFO - Time taken: 0.0128309726715
2018-02-07 06:31:27 AM - INFO - Computing rmse...
2018-02-07 06:31:27 AM - INFO - Time taken: 0.02960896492
2018-02-07 06:31:27 AM - INFO - Computing mfcc...
2018-02-07 06:31:27 AM - INFO - Time taken: 0.0625078678131
2018-02-07 06:31:27 AM - INFO - Computing spectral centroid...
2018-02-07 06:31:27 AM - INFO - Time taken: 0.0354599952698
2018-02-07 06:31:27 AM - INFO - Computing spectral rolloff...
2018-02-07 06:31:27 AM - INFO - Time taken: 0.0338039398193
2018-02-07 06:31:27 AM - INFO - Computing spectral bandwidth...
2018-02-07 06:31:27 AM - INFO - Time taken: 0.0530438423157
2018-02-07 06:31:27 AM - INFO - Averaging...
2018-02-07 06:31:27 AM - INFO - Time taken: 5.29289245605e-05
2018-02-07 06:31:27 AM - INFO - Reading file: /home/dingu/PycharmProjects/baby_cry_detection/pc_main/../data/902 - Noise/5-195557-A.ogg ...
2018-02-07 06:31:27 AM - INFO - Time taken: 0.0711398124695
2018-02-07 06:31:27 AM - INFO - Computing zero_crossing_rate...
2018-02-07 06:31:27 AM - INFO - Time taken: 0.0109920501709
2018-02-07 06:31:27 AM - INFO - Computing rmse...
2018-02-07 06:31:27 AM - INFO - Time taken: 0.00376296043396
2018-02-07 06:31:27 AM - INFO - Computing mfcc...
2018-02-07 06:31:27 AM - INFO - Time taken: 0.0274980068207
2018-02-07 06:31:27 AM - INFO - Computing spectral centroid...
2018-02-07 06:31:27 AM - INFO - Time taken: 0.0260848999023
2018-02-07 06:31:27 AM - INFO - Computing spectral rolloff...
2018-02-07 06:31:27 AM - INFO - Time taken: 0.0338459014893
2018-02-07 06:31:27 AM - INFO - Computing spectral bandwidth...
2018-02-07 06:31:27 AM - INFO - Time taken: 0.0478489398956
2018-02-07 06:31:27 AM - INFO - Averaging...
2018-02-07 06:31:27 AM - INFO - Time taken: 6.89029693604e-05
2018-02-07 06:31:27 AM - INFO - Reading file: /home/dingu/PycharmProjects/baby_cry_detection/pc_main/../data/902 - Noise/3-62878-A.ogg ...
2018-02-07 06:31:27 AM - INFO - Time taken: 0.0669600963593
2018-02-07 06:31:27 AM - INFO - Computing zero_crossing_rate...
2018-02-07 06:31:27 AM - INFO - Time taken: 0.0111179351807
2018-02-07 06:31:27 AM - INFO - Computing rmse...
2018-02-07 06:31:27 AM - INFO - Time taken: 0.00349593162537
2018-02-07 06:31:27 AM - INFO - Computing mfcc...
2018-02-07 06:31:27 AM - INFO - Time taken: 0.028557062149
2018-02-07 06:31:27 AM - INFO - Computing spectral centroid...
2018-02-07 06:31:27 AM - INFO - Time taken: 0.0250120162964
2018-02-07 06:31:27 AM - INFO - Computing spectral rolloff...
2018-02-07 06:31:28 AM - INFO - Time taken: 0.0338468551636
2018-02-07 06:31:28 AM - INFO - Computing spectral bandwidth...
2018-02-07 06:31:28 AM - INFO - Time taken: 0.0481879711151
2018-02-07 06:31:28 AM - INFO - Averaging...
2018-02-07 06:31:28 AM - INFO - Time taken: 7.00950622559e-05
2018-02-07 06:31:28 AM - INFO - Reading file: /home/dingu/PycharmProjects/baby_cry_detection/pc_main/../data/902 - Noise/2-114280-A.ogg ...
2018-02-07 06:31:28 AM - INFO - Time taken: 0.0714070796967
2018-02-07 06:31:28 AM - INFO - Computing zero_crossing_rate...
2018-02-07 06:31:28 AM - INFO - Time taken: 0.0137810707092
2018-02-07 06:31:28 AM - INFO - Computing rmse...
2018-02-07 06:31:28 AM - INFO - Time taken: 0.00376605987549
2018-02-07 06:31:28 AM - INFO - Computing mfcc...
2018-02-07 06:31:28 AM - INFO - Time taken: 0.0272078514099
2018-02-07 06:31:28 AM - INFO - Computing spectral centroid...
2018-02-07 06:31:28 AM - INFO - Time taken: 0.0267140865326
2018-02-07 06:31:28 AM - INFO - Computing spectral rolloff...
2018-02-07 06:31:28 AM - INFO - Time taken: 0.0343120098114
2018-02-07 06:31:28 AM - INFO - Computing spectral bandwidth...
2018-02-07 06:31:28 AM - INFO - Time taken: 0.0544769763947
2018-02-07 06:31:28 AM - INFO - Averaging...
2018-02-07 06:31:28 AM - INFO - Time taken: 7.9870223999e-05
2018-02-07 06:31:28 AM - INFO - Reading file: /home/dingu/PycharmProjects/baby_cry_detection/pc_main/../data/902 - Noise/3-161010-A.ogg ...
2018-02-07 06:31:28 AM - INFO - Time taken: 0.087112903595
2018-02-07 06:31:28 AM - INFO - Computing zero_crossing_rate...
2018-02-07 06:31:28 AM - INFO - Time taken: 0.0118560791016
2018-02-07 06:31:28 AM - INFO - Computing rmse...
2018-02-07 06:31:28 AM - INFO - Time taken: 0.00365614891052
2018-02-07 06:31:28 AM - INFO - Computing mfcc...
2018-02-07 06:31:28 AM - INFO - Time taken: 0.0269532203674
2018-02-07 06:31:28 AM - INFO - Computing spectral centroid...
2018-02-07 06:31:28 AM - INFO - Time taken: 0.0242130756378
2018-02-07 06:31:28 AM - INFO - Computing spectral rolloff...
2018-02-07 06:31:28 AM - INFO - Time taken: 0.0333228111267
2018-02-07 06:31:28 AM - INFO - Computing spectral bandwidth...
2018-02-07 06:31:28 AM - INFO - Time taken: 0.0488889217377
2018-02-07 06:31:28 AM - INFO - Averaging...
2018-02-07 06:31:28 AM - INFO - Time taken: 6.5803527832e-05
2018-02-07 06:31:28 AM - INFO - Reading file: /home/dingu/PycharmProjects/baby_cry_detection/pc_main/../data/902 - Noise/2-128465-B.ogg ...
2018-02-07 06:31:28 AM - INFO - Time taken: 0.057715177536
2018-02-07 06:31:28 AM - INFO - Computing zero_crossing_rate...
2018-02-07 06:31:28 AM - INFO - Time taken: 0.0119621753693
2018-02-07 06:31:28 AM - INFO - Computing rmse...
2018-02-07 06:31:28 AM - INFO - Time taken: 0.00369596481323
2018-02-07 06:31:28 AM - INFO - Computing mfcc...
2018-02-07 06:31:28 AM - INFO - Time taken: 0.0269560813904
2018-02-07 06:31:28 AM - INFO - Computing spectral centroid...
2018-02-07 06:31:28 AM - INFO - Time taken: 0.0241229534149
2018-02-07 06:31:28 AM - INFO - Computing spectral rolloff...
2018-02-07 06:31:28 AM - INFO - Time taken: 0.0356118679047
2018-02-07 06:31:28 AM - INFO - Computing spectral bandwidth...
2018-02-07 06:31:28 AM - INFO - Time taken: 0.0493459701538
2018-02-07 06:31:28 AM - INFO - Averaging...
2018-02-07 06:31:28 AM - INFO - Time taken: 7.29560852051e-05
2018-02-07 06:31:28 AM - INFO - Reading file: /home/dingu/PycharmProjects/baby_cry_detection/pc_main/../data/902 - Noise/4-161519-A.ogg ...
2018-02-07 06:31:28 AM - INFO - Time taken: 0.0556089878082
2018-02-07 06:31:28 AM - INFO - Computing zero_crossing_rate...
2018-02-07 06:31:28 AM - INFO - Time taken: 0.0110599994659
2018-02-07 06:31:28 AM - INFO - Computing rmse...
2018-02-07 06:31:28 AM - INFO - Time taken: 0.00384402275085
2018-02-07 06:31:28 AM - INFO - Computing mfcc...
2018-02-07 06:31:28 AM - INFO - Time taken: 0.033185005188
2018-02-07 06:31:28 AM - INFO - Computing spectral centroid...
2018-02-07 06:31:28 AM - INFO - Time taken: 0.0355479717255
2018-02-07 06:31:28 AM - INFO - Computing spectral rolloff...
2018-02-07 06:31:28 AM - INFO - Time taken: 0.0372879505157
2018-02-07 06:31:28 AM - INFO - Computing spectral bandwidth...
2018-02-07 06:31:28 AM - INFO - Time taken: 0.0499138832092
2018-02-07 06:31:28 AM - INFO - Averaging...
2018-02-07 06:31:28 AM - INFO - Time taken: 6.48498535156e-05
2018-02-07 06:31:28 AM - INFO - Reading file: /home/dingu/PycharmProjects/baby_cry_detection/pc_main/../data/902 - Noise/3-123086-A.ogg ...
2018-02-07 06:31:29 AM - INFO - Time taken: 0.054260969162
2018-02-07 06:31:29 AM - INFO - Computing zero_crossing_rate...
2018-02-07 06:31:29 AM - INFO - Time taken: 0.0120117664337
2018-02-07 06:31:29 AM - INFO - Computing rmse...
2018-02-07 06:31:29 AM - INFO - Time taken: 0.00369000434875
2018-02-07 06:31:29 AM - INFO - Computing mfcc...
2018-02-07 06:31:29 AM - INFO - Time taken: 0.0324509143829
2018-02-07 06:31:29 AM - INFO - Computing spectral centroid...
2018-02-07 06:31:29 AM - INFO - Time taken: 0.0241498947144
2018-02-07 06:31:29 AM - INFO - Computing spectral rolloff...
2018-02-07 06:31:29 AM - INFO - Time taken: 0.0333127975464
2018-02-07 06:31:29 AM - INFO - Computing spectral bandwidth...
2018-02-07 06:31:29 AM - INFO - Time taken: 0.0484988689423
2018-02-07 06:31:29 AM - INFO - Averaging...
2018-02-07 06:31:29 AM - INFO - Time taken: 6.89029693604e-05
2018-02-07 06:31:29 AM - INFO - Reading file: /home/dingu/PycharmProjects/baby_cry_detection/pc_main/../data/902 - Noise/2-138465-A.ogg ...
2018-02-07 06:31:29 AM - INFO - Time taken: 0.0921018123627
2018-02-07 06:31:29 AM - INFO - Computing zero_crossing_rate...
2018-02-07 06:31:29 AM - INFO - Time taken: 0.0111989974976
2018-02-07 06:31:29 AM - INFO - Computing rmse...
2018-02-07 06:31:29 AM - INFO - Time taken: 0.00368714332581
2018-02-07 06:31:29 AM - INFO - Computing mfcc...
2018-02-07 06:31:29 AM - INFO - Time taken: 0.0273909568787
2018-02-07 06:31:29 AM - INFO - Computing spectral centroid...
2018-02-07 06:31:29 AM - INFO - Time taken: 0.0246889591217
2018-02-07 06:31:29 AM - INFO - Computing spectral rolloff...
2018-02-07 06:31:29 AM - INFO - Time taken: 0.0334050655365
2018-02-07 06:31:29 AM - INFO - Computing spectral bandwidth...
2018-02-07 06:31:29 AM - INFO - Time taken: 0.0506699085236
2018-02-07 06:31:29 AM - INFO - Averaging...
2018-02-07 06:31:29 AM - INFO - Time taken: 6.79492950439e-05
2018-02-07 06:31:29 AM - INFO - Reading file: /home/dingu/PycharmProjects/baby_cry_detection/pc_main/../data/902 - Noise/5-243449-A.ogg ...
2018-02-07 06:31:29 AM - INFO - Time taken: 0.0781750679016
2018-02-07 06:31:29 AM - INFO - Computing zero_crossing_rate...
2018-02-07 06:31:29 AM - INFO - Time taken: 0.0139579772949
2018-02-07 06:31:29 AM - INFO - Computing rmse...
2018-02-07 06:31:29 AM - INFO - Time taken: 0.00362706184387
2018-02-07 06:31:29 AM - INFO - Computing mfcc...
2018-02-07 06:31:29 AM - INFO - Time taken: 0.02792096138
2018-02-07 06:31:29 AM - INFO - Computing spectral centroid...
2018-02-07 06:31:29 AM - INFO - Time taken: 0.0259509086609
2018-02-07 06:31:29 AM - INFO - Computing spectral rolloff...
2018-02-07 06:31:29 AM - INFO - Time taken: 0.0369050502777
2018-02-07 06:31:29 AM - INFO - Computing spectral bandwidth...
2018-02-07 06:31:29 AM - INFO - Time taken: 0.0500838756561
2018-02-07 06:31:29 AM - INFO - Averaging...
2018-02-07 06:31:29 AM - INFO - Time taken: 8.9168548584e-05
2018-02-07 06:31:29 AM - INFO - Reading file: /home/dingu/PycharmProjects/baby_cry_detection/pc_main/../data/902 - Noise/3-51376-A.ogg ...
2018-02-07 06:31:29 AM - INFO - Time taken: 0.0576198101044
2018-02-07 06:31:29 AM - INFO - Computing zero_crossing_rate...
2018-02-07 06:31:29 AM - INFO - Time taken: 0.0110540390015
2018-02-07 06:31:29 AM - INFO - Computing rmse...
2018-02-07 06:31:29 AM - INFO - Time taken: 0.00349807739258
2018-02-07 06:31:29 AM - INFO - Computing mfcc...
2018-02-07 06:31:29 AM - INFO - Time taken: 0.0293459892273
2018-02-07 06:31:29 AM - INFO - Computing spectral centroid...
2018-02-07 06:31:29 AM - INFO - Time taken: 0.0276420116425
2018-02-07 06:31:29 AM - INFO - Computing spectral rolloff...
2018-02-07 06:31:29 AM - INFO - Time taken: 0.0349669456482
2018-02-07 06:31:29 AM - INFO - Computing spectral bandwidth...
2018-02-07 06:31:29 AM - INFO - Time taken: 0.0517218112946
2018-02-07 06:31:29 AM - INFO - Averaging...
2018-02-07 06:31:29 AM - INFO - Time taken: 6.50882720947e-05
2018-02-07 06:31:29 AM - INFO - Reading file: /home/dingu/PycharmProjects/baby_cry_detection/pc_main/../data/902 - Noise/2-70939-A.ogg ...
2018-02-07 06:31:29 AM - INFO - Time taken: 0.0575950145721
2018-02-07 06:31:29 AM - INFO - Computing zero_crossing_rate...
2018-02-07 06:31:29 AM - INFO - Time taken: 0.0147018432617
2018-02-07 06:31:29 AM - INFO - Computing rmse...
2018-02-07 06:31:29 AM - INFO - Time taken: 0.0038628578186
2018-02-07 06:31:29 AM - INFO - Computing mfcc...
2018-02-07 06:31:30 AM - INFO - Time taken: 0.0338978767395
2018-02-07 06:31:30 AM - INFO - Computing spectral centroid...
2018-02-07 06:31:30 AM - INFO - Time taken: 0.0268280506134
2018-02-07 06:31:30 AM - INFO - Computing spectral rolloff...
2018-02-07 06:31:30 AM - INFO - Time taken: 0.0346601009369
2018-02-07 06:31:30 AM - INFO - Computing spectral bandwidth...
2018-02-07 06:31:30 AM - INFO - Time taken: 0.0482838153839
2018-02-07 06:31:30 AM - INFO - Averaging...
2018-02-07 06:31:30 AM - INFO - Time taken: 7.00950622559e-05
2018-02-07 06:31:30 AM - INFO - Reading file: /home/dingu/PycharmProjects/baby_cry_detection/pc_main/../data/902 - Noise/3-151255-A.ogg ...
2018-02-07 06:31:30 AM - INFO - Time taken: 0.071848154068
2018-02-07 06:31:30 AM - INFO - Computing zero_crossing_rate...
2018-02-07 06:31:30 AM - INFO - Time taken: 0.0118200778961
2018-02-07 06:31:30 AM - INFO - Computing rmse...
2018-02-07 06:31:30 AM - INFO - Time taken: 0.00376200675964
2018-02-07 06:31:30 AM - INFO - Computing mfcc...
2018-02-07 06:31:30 AM - INFO - Time taken: 0.0275411605835
2018-02-07 06:31:30 AM - INFO - Computing spectral centroid...
2018-02-07 06:31:30 AM - INFO - Time taken: 0.0362660884857
2018-02-07 06:31:30 AM - INFO - Computing spectral rolloff...
2018-02-07 06:31:30 AM - INFO - Time taken: 0.0389111042023
2018-02-07 06:31:30 AM - INFO - Computing spectral bandwidth...
2018-02-07 06:31:30 AM - INFO - Time taken: 0.0526459217072
2018-02-07 06:31:30 AM - INFO - Averaging...
2018-02-07 06:31:30 AM - INFO - Time taken: 6.19888305664e-05
2018-02-07 06:31:30 AM - INFO - Reading file: /home/dingu/PycharmProjects/baby_cry_detection/pc_main/../data/902 - Noise/1-56907-A.ogg ...
2018-02-07 06:31:30 AM - INFO - Time taken: 0.120285987854
2018-02-07 06:31:30 AM - INFO - Computing zero_crossing_rate...
2018-02-07 06:31:30 AM - INFO - Time taken: 0.0125210285187
2018-02-07 06:31:30 AM - INFO - Computing rmse...
2018-02-07 06:31:30 AM - INFO - Time taken: 0.00494408607483
2018-02-07 06:31:30 AM - INFO - Computing mfcc...
2018-02-07 06:31:30 AM - INFO - Time taken: 0.0312519073486
2018-02-07 06:31:30 AM - INFO - Computing spectral centroid...
2018-02-07 06:31:30 AM - INFO - Time taken: 0.0255720615387
2018-02-07 06:31:30 AM - INFO - Computing spectral rolloff...
2018-02-07 06:31:30 AM - INFO - Time taken: 0.0335121154785
2018-02-07 06:31:30 AM - INFO - Computing spectral bandwidth...
2018-02-07 06:31:30 AM - INFO - Time taken: 0.0460410118103
2018-02-07 06:31:30 AM - INFO - Averaging...
2018-02-07 06:31:30 AM - INFO - Time taken: 6.89029693604e-05
2018-02-07 06:31:30 AM - INFO - Reading file: /home/dingu/PycharmProjects/baby_cry_detection/pc_main/../data/902 - Noise/3-155234-A.ogg ...
2018-02-07 06:31:30 AM - INFO - Time taken: 0.14569401741
2018-02-07 06:31:30 AM - INFO - Computing zero_crossing_rate...
2018-02-07 06:31:30 AM - INFO - Time taken: 0.0121788978577
2018-02-07 06:31:30 AM - INFO - Computing rmse...
2018-02-07 06:31:30 AM - INFO - Time taken: 0.00379490852356
2018-02-07 06:31:30 AM - INFO - Computing mfcc...
2018-02-07 06:31:30 AM - INFO - Time taken: 0.0328810214996
2018-02-07 06:31:30 AM - INFO - Computing spectral centroid...
2018-02-07 06:31:30 AM - INFO - Time taken: 0.0389130115509
2018-02-07 06:31:30 AM - INFO - Computing spectral rolloff...
2018-02-07 06:31:30 AM - INFO - Time taken: 0.0345230102539
2018-02-07 06:31:30 AM - INFO - Computing spectral bandwidth...
2018-02-07 06:31:30 AM - INFO - Time taken: 0.0518970489502
2018-02-07 06:31:30 AM - INFO - Averaging...
2018-02-07 06:31:30 AM - INFO - Time taken: 8.48770141602e-05
2018-02-07 06:31:30 AM - INFO - Reading file: /home/dingu/PycharmProjects/baby_cry_detection/pc_main/../data/902 - Noise/1-47819-C.ogg ...
2018-02-07 06:31:31 AM - INFO - Time taken: 0.148255825043
2018-02-07 06:31:31 AM - INFO - Computing zero_crossing_rate...
2018-02-07 06:31:31 AM - INFO - Time taken: 0.0120050907135
2018-02-07 06:31:31 AM - INFO - Computing rmse...
2018-02-07 06:31:31 AM - INFO - Time taken: 0.00330185890198
2018-02-07 06:31:31 AM - INFO - Computing mfcc...
2018-02-07 06:31:31 AM - INFO - Time taken: 0.0317831039429
2018-02-07 06:31:31 AM - INFO - Computing spectral centroid...
2018-02-07 06:31:31 AM - INFO - Time taken: 0.034038066864
2018-02-07 06:31:31 AM - INFO - Computing spectral rolloff...
2018-02-07 06:31:31 AM - INFO - Time taken: 0.0352280139923
2018-02-07 06:31:31 AM - INFO - Computing spectral bandwidth...
2018-02-07 06:31:31 AM - INFO - Time taken: 0.0483899116516
2018-02-07 06:31:31 AM - INFO - Averaging...
2018-02-07 06:31:31 AM - INFO - Time taken: 5.88893890381e-05
2018-02-07 06:31:31 AM - INFO - Reading file: /home/dingu/PycharmProjects/baby_cry_detection/pc_main/../data/902 - Noise/3-62878-B.ogg ...
2018-02-07 06:31:31 AM - INFO - Time taken: 0.132739067078
2018-02-07 06:31:31 AM - INFO - Computing zero_crossing_rate...
2018-02-07 06:31:31 AM - INFO - Time taken: 0.0137629508972
2018-02-07 06:31:31 AM - INFO - Computing rmse...
2018-02-07 06:31:31 AM - INFO - Time taken: 0.00460720062256
2018-02-07 06:31:31 AM - INFO - Computing mfcc...
2018-02-07 06:31:31 AM - INFO - Time taken: 0.0288870334625
2018-02-07 06:31:31 AM - INFO - Computing spectral centroid...
2018-02-07 06:31:31 AM - INFO - Time taken: 0.038015127182
2018-02-07 06:31:31 AM - INFO - Computing spectral rolloff...
2018-02-07 06:31:31 AM - INFO - Time taken: 0.0361409187317
2018-02-07 06:31:31 AM - INFO - Computing spectral bandwidth...
2018-02-07 06:31:31 AM - INFO - Time taken: 0.0490770339966
2018-02-07 06:31:31 AM - INFO - Averaging...
2018-02-07 06:31:31 AM - INFO - Time taken: 5.79357147217e-05
2018-02-07 06:31:31 AM - INFO - Reading file: /home/dingu/PycharmProjects/baby_cry_detection/pc_main/../data/902 - Noise/3-124958-A.ogg ...
2018-02-07 06:31:31 AM - INFO - Time taken: 0.157499074936
2018-02-07 06:31:31 AM - INFO - Computing zero_crossing_rate...
2018-02-07 06:31:31 AM - INFO - Time taken: 0.0113220214844
2018-02-07 06:31:31 AM - INFO - Computing rmse...
2018-02-07 06:31:31 AM - INFO - Time taken: 0.00360894203186
2018-02-07 06:31:31 AM - INFO - Computing mfcc...
2018-02-07 06:31:31 AM - INFO - Time taken: 0.0330610275269
2018-02-07 06:31:31 AM - INFO - Computing spectral centroid...
2018-02-07 06:31:31 AM - INFO - Time taken: 0.0367519855499
2018-02-07 06:31:31 AM - INFO - Computing spectral rolloff...
2018-02-07 06:31:31 AM - INFO - Time taken: 0.0366749763489
2018-02-07 06:31:31 AM - INFO - Computing spectral bandwidth...
2018-02-07 06:31:31 AM - INFO - Time taken: 0.0551879405975
2018-02-07 06:31:31 AM - INFO - Averaging...
2018-02-07 06:31:31 AM - INFO - Time taken: 6.29425048828e-05
2018-02-07 06:31:31 AM - INFO - Reading file: /home/dingu/PycharmProjects/baby_cry_detection/pc_main/../data/902 - Noise/5-243450-A.ogg ...
2018-02-07 06:31:32 AM - INFO - Time taken: 0.138338088989
2018-02-07 06:31:32 AM - INFO - Computing zero_crossing_rate...
2018-02-07 06:31:32 AM - INFO - Time taken: 0.0138411521912
2018-02-07 06:31:32 AM - INFO - Computing rmse...
2018-02-07 06:31:32 AM - INFO - Time taken: 0.00398707389832
2018-02-07 06:31:32 AM - INFO - Computing mfcc...
2018-02-07 06:31:32 AM - INFO - Time taken: 0.0329620838165
2018-02-07 06:31:32 AM - INFO - Computing spectral centroid...
2018-02-07 06:31:32 AM - INFO - Time taken: 0.0358338356018
2018-02-07 06:31:32 AM - INFO - Computing spectral rolloff...
2018-02-07 06:31:32 AM - INFO - Time taken: 0.0344388484955
2018-02-07 06:31:32 AM - INFO - Computing spectral bandwidth...
2018-02-07 06:31:32 AM - INFO - Time taken: 0.0493559837341
2018-02-07 06:31:32 AM - INFO - Averaging...
2018-02-07 06:31:32 AM - INFO - Time taken: 6.19888305664e-05
2018-02-07 06:31:32 AM - INFO - Reading file: /home/dingu/PycharmProjects/baby_cry_detection/pc_main/../data/902 - Noise/3-146697-A.ogg ...
2018-02-07 06:31:32 AM - INFO - Time taken: 0.119014024734
2018-02-07 06:31:32 AM - INFO - Computing zero_crossing_rate...
2018-02-07 06:31:32 AM - INFO - Time taken: 0.0116000175476
2018-02-07 06:31:32 AM - INFO - Computing rmse...
2018-02-07 06:31:32 AM - INFO - Time taken: 0.00396704673767
2018-02-07 06:31:32 AM - INFO - Computing mfcc...
2018-02-07 06:31:32 AM - INFO - Time taken: 0.0304141044617
2018-02-07 06:31:32 AM - INFO - Computing spectral centroid...
2018-02-07 06:31:32 AM - INFO - Time taken: 0.0234677791595
2018-02-07 06:31:32 AM - INFO - Computing spectral rolloff...
2018-02-07 06:31:32 AM - INFO - Time taken: 0.0351459980011
2018-02-07 06:31:32 AM - INFO - Computing spectral bandwidth...
2018-02-07 06:31:32 AM - INFO - Time taken: 0.0571401119232
2018-02-07 06:31:32 AM - INFO - Averaging...
2018-02-07 06:31:32 AM - INFO - Time taken: 7.29560852051e-05
2018-02-07 06:31:32 AM - INFO - Reading file: /home/dingu/PycharmProjects/baby_cry_detection/pc_main/../data/902 - Noise/3-51731-A.ogg ...
2018-02-07 06:31:32 AM - INFO - Time taken: 0.109971046448
2018-02-07 06:31:32 AM - INFO - Computing zero_crossing_rate...
2018-02-07 06:31:32 AM - INFO - Time taken: 0.0115458965302
2018-02-07 06:31:32 AM - INFO - Computing rmse...
2018-02-07 06:31:32 AM - INFO - Time taken: 0.00374698638916
2018-02-07 06:31:32 AM - INFO - Computing mfcc...
2018-02-07 06:31:32 AM - INFO - Time taken: 0.0323870182037
2018-02-07 06:31:32 AM - INFO - Computing spectral centroid...
2018-02-07 06:31:32 AM - INFO - Time taken: 0.0305638313293
2018-02-07 06:31:32 AM - INFO - Computing spectral rolloff...
2018-02-07 06:31:32 AM - INFO - Time taken: 0.0402309894562
2018-02-07 06:31:32 AM - INFO - Computing spectral bandwidth...
2018-02-07 06:31:32 AM - INFO - Time taken: 0.054004907608
2018-02-07 06:31:32 AM - INFO - Averaging...
2018-02-07 06:31:32 AM - INFO - Time taken: 5.41210174561e-05
2018-02-07 06:31:32 AM - INFO - Reading file: /home/dingu/PycharmProjects/baby_cry_detection/pc_main/../data/902 - Noise/4-223125-A.ogg ...
2018-02-07 06:31:32 AM - INFO - Time taken: 0.122513055801
2018-02-07 06:31:32 AM - INFO - Computing zero_crossing_rate...
2018-02-07 06:31:32 AM - INFO - Time taken: 0.0139980316162
2018-02-07 06:31:32 AM - INFO - Computing rmse...
2018-02-07 06:31:32 AM - INFO - Time taken: 0.0038640499115
2018-02-07 06:31:32 AM - INFO - Computing mfcc...
2018-02-07 06:31:32 AM - INFO - Time taken: 0.0286159515381
2018-02-07 06:31:32 AM - INFO - Computing spectral centroid...
2018-02-07 06:31:33 AM - INFO - Time taken: 0.0402369499207
2018-02-07 06:31:33 AM - INFO - Computing spectral rolloff...
2018-02-07 06:31:33 AM - INFO - Time taken: 0.0373351573944
2018-02-07 06:31:33 AM - INFO - Computing spectral bandwidth...
2018-02-07 06:31:33 AM - INFO - Time taken: 0.0552730560303
2018-02-07 06:31:33 AM - INFO - Averaging...
2018-02-07 06:31:33 AM - INFO - Time taken: 6.103515625e-05
2018-02-07 06:31:33 AM - INFO - Reading file: /home/dingu/PycharmProjects/baby_cry_detection/pc_main/../data/902 - Noise/3-203377-A.ogg ...
2018-02-07 06:31:33 AM - INFO - Time taken: 0.0793051719666
2018-02-07 06:31:33 AM - INFO - Computing zero_crossing_rate...
2018-02-07 06:31:33 AM - INFO - Time taken: 0.0171558856964
2018-02-07 06:31:33 AM - INFO - Computing rmse...
2018-02-07 06:31:33 AM - INFO - Time taken: 0.00452899932861
2018-02-07 06:31:33 AM - INFO - Computing mfcc...
2018-02-07 06:31:33 AM - INFO - Time taken: 0.0330889225006
2018-02-07 06:31:33 AM - INFO - Computing spectral centroid...
2018-02-07 06:31:33 AM - INFO - Time taken: 0.0400700569153
2018-02-07 06:31:33 AM - INFO - Computing spectral rolloff...
2018-02-07 06:31:33 AM - INFO - Time taken: 0.0670599937439
2018-02-07 06:31:33 AM - INFO - Computing spectral bandwidth...
2018-02-07 06:31:33 AM - INFO - Time taken: 0.0694551467896
2018-02-07 06:31:33 AM - INFO - Averaging...
2018-02-07 06:31:33 AM - INFO - Time taken: 0.000118017196655
2018-02-07 06:31:33 AM - INFO - Reading file: /home/dingu/PycharmProjects/baby_cry_detection/pc_main/../data/902 - Noise/3-203371-A.ogg ...
2018-02-07 06:31:33 AM - INFO - Time taken: 0.117724180222
2018-02-07 06:31:33 AM - INFO - Computing zero_crossing_rate...
2018-02-07 06:31:33 AM - INFO - Time taken: 0.0262711048126
2018-02-07 06:31:33 AM - INFO - Computing rmse...
2018-02-07 06:31:33 AM - INFO - Time taken: 0.00760197639465
2018-02-07 06:31:33 AM - INFO - Computing mfcc...
2018-02-07 06:31:33 AM - INFO - Time taken: 0.05335688591
2018-02-07 06:31:33 AM - INFO - Computing spectral centroid...
2018-02-07 06:31:33 AM - INFO - Time taken: 0.0664579868317
2018-02-07 06:31:33 AM - INFO - Computing spectral rolloff...
2018-02-07 06:31:33 AM - INFO - Time taken: 0.0750849246979
2018-02-07 06:31:33 AM - INFO - Computing spectral bandwidth...
2018-02-07 06:31:33 AM - INFO - Time taken: 0.0787909030914
2018-02-07 06:31:33 AM - INFO - Averaging...
2018-02-07 06:31:33 AM - INFO - Time taken: 0.000111103057861
2018-02-07 06:31:33 AM - INFO - Reading file: /home/dingu/PycharmProjects/baby_cry_detection/pc_main/../data/902 - Noise/5-257839-A.ogg ...
2018-02-07 06:31:33 AM - INFO - Time taken: 0.0929388999939
2018-02-07 06:31:33 AM - INFO - Computing zero_crossing_rate...
2018-02-07 06:31:33 AM - INFO - Time taken: 0.0149600505829
2018-02-07 06:31:33 AM - INFO - Computing rmse...
2018-02-07 06:31:33 AM - INFO - Time taken: 0.00432515144348
2018-02-07 06:31:33 AM - INFO - Computing mfcc...
2018-02-07 06:31:34 AM - INFO - Time taken: 0.0400040149689
2018-02-07 06:31:34 AM - INFO - Computing spectral centroid...
2018-02-07 06:31:34 AM - INFO - Time taken: 0.0369710922241
2018-02-07 06:31:34 AM - INFO - Computing spectral rolloff...
2018-02-07 06:31:34 AM - INFO - Time taken: 0.0362980365753
2018-02-07 06:31:34 AM - INFO - Computing spectral bandwidth...
2018-02-07 06:31:34 AM - INFO - Time taken: 0.051745891571
2018-02-07 06:31:34 AM - INFO - Averaging...
2018-02-07 06:31:34 AM - INFO - Time taken: 6.41345977783e-05
2018-02-07 06:31:34 AM - INFO - Reading file: /home/dingu/PycharmProjects/baby_cry_detection/pc_main/../data/902 - Noise/5-243448-A.ogg ...
2018-02-07 06:31:34 AM - INFO - Time taken: 0.0690279006958
2018-02-07 06:31:34 AM - INFO - Computing zero_crossing_rate...
2018-02-07 06:31:34 AM - INFO - Time taken: 0.0130760669708
2018-02-07 06:31:34 AM - INFO - Computing rmse...
2018-02-07 06:31:34 AM - INFO - Time taken: 0.00402617454529
2018-02-07 06:31:34 AM - INFO - Computing mfcc...
2018-02-07 06:31:34 AM - INFO - Time taken: 0.0542750358582
2018-02-07 06:31:34 AM - INFO - Computing spectral centroid...
2018-02-07 06:31:34 AM - INFO - Time taken: 0.0349650382996
2018-02-07 06:31:34 AM - INFO - Computing spectral rolloff...
2018-02-07 06:31:34 AM - INFO - Time taken: 0.0790460109711
2018-02-07 06:31:34 AM - INFO - Computing spectral bandwidth...
2018-02-07 06:31:34 AM - INFO - Time taken: 0.0549368858337
2018-02-07 06:31:34 AM - INFO - Averaging...
2018-02-07 06:31:34 AM - INFO - Time taken: 6.50882720947e-05
2018-02-07 06:31:34 AM - INFO - Reading file: /home/dingu/PycharmProjects/baby_cry_detection/pc_main/../data/902 - Noise/4-165813-A.ogg ...
2018-02-07 06:31:34 AM - INFO - Time taken: 0.0896210670471
2018-02-07 06:31:34 AM - INFO - Computing zero_crossing_rate...
2018-02-07 06:31:34 AM - INFO - Time taken: 0.0113258361816
2018-02-07 06:31:34 AM - INFO - Computing rmse...
2018-02-07 06:31:34 AM - INFO - Time taken: 0.0042188167572
2018-02-07 06:31:34 AM - INFO - Computing mfcc...
2018-02-07 06:31:34 AM - INFO - Time taken: 0.0279660224915
2018-02-07 06:31:34 AM - INFO - Computing spectral centroid...
2018-02-07 06:31:34 AM - INFO - Time taken: 0.0337948799133
2018-02-07 06:31:34 AM - INFO - Computing spectral rolloff...
2018-02-07 06:31:34 AM - INFO - Time taken: 0.0582010746002
2018-02-07 06:31:34 AM - INFO - Computing spectral bandwidth...
2018-02-07 06:31:34 AM - INFO - Time taken: 0.0717859268188
2018-02-07 06:31:34 AM - INFO - Averaging...
2018-02-07 06:31:34 AM - INFO - Time taken: 5.69820404053e-05
2018-02-07 06:31:34 AM - INFO - Reading file: /home/dingu/PycharmProjects/baby_cry_detection/pc_main/../data/902 - Noise/1-30344-A.ogg ...
2018-02-07 06:31:34 AM - INFO - Time taken: 0.08518409729
2018-02-07 06:31:34 AM - INFO - Computing zero_crossing_rate...
2018-02-07 06:31:34 AM - INFO - Time taken: 0.0174629688263
2018-02-07 06:31:34 AM - INFO - Computing rmse...
2018-02-07 06:31:34 AM - INFO - Time taken: 0.0063910484314
2018-02-07 06:31:34 AM - INFO - Computing mfcc...
2018-02-07 06:31:34 AM - INFO - Time taken: 0.0493819713593
2018-02-07 06:31:34 AM - INFO - Computing spectral centroid...
2018-02-07 06:31:34 AM - INFO - Time taken: 0.0323488712311
2018-02-07 06:31:34 AM - INFO - Computing spectral rolloff...
2018-02-07 06:31:35 AM - INFO - Time taken: 0.0345358848572
2018-02-07 06:31:35 AM - INFO - Computing spectral bandwidth...
2018-02-07 06:31:35 AM - INFO - Time taken: 0.0498030185699
2018-02-07 06:31:35 AM - INFO - Averaging...
2018-02-07 06:31:35 AM - INFO - Time taken: 7.29560852051e-05
2018-02-07 06:31:35 AM - INFO - Reading file: /home/dingu/PycharmProjects/baby_cry_detection/pc_main/../data/902 - Noise/1-13571-A.ogg ...
2018-02-07 06:31:35 AM - INFO - Time taken: 0.0931839942932
2018-02-07 06:31:35 AM - INFO - Computing zero_crossing_rate...
2018-02-07 06:31:35 AM - INFO - Time taken: 0.0162811279297
2018-02-07 06:31:35 AM - INFO - Computing rmse...
2018-02-07 06:31:35 AM - INFO - Time taken: 0.00651693344116
2018-02-07 06:31:35 AM - INFO - Computing mfcc...
2018-02-07 06:31:35 AM - INFO - Time taken: 0.0518610477448
2018-02-07 06:31:35 AM - INFO - Computing spectral centroid...
2018-02-07 06:31:35 AM - INFO - Time taken: 0.11748290062
2018-02-07 06:31:35 AM - INFO - Computing spectral rolloff...
2018-02-07 06:31:35 AM - INFO - Time taken: 0.0416388511658
2018-02-07 06:31:35 AM - INFO - Computing spectral bandwidth...
2018-02-07 06:31:35 AM - INFO - Time taken: 0.0629799365997
2018-02-07 06:31:35 AM - INFO - Averaging...
2018-02-07 06:31:35 AM - INFO - Time taken: 5.60283660889e-05
2018-02-07 06:31:35 AM - INFO - Reading file: /home/dingu/PycharmProjects/baby_cry_detection/pc_main/../data/902 - Noise/2-57191-A.ogg ...
2018-02-07 06:31:35 AM - INFO - Time taken: 0.131512880325
2018-02-07 06:31:35 AM - INFO - Computing zero_crossing_rate...
2018-02-07 06:31:35 AM - INFO - Time taken: 0.0161650180817
2018-02-07 06:31:35 AM - INFO - Computing rmse...
2018-02-07 06:31:35 AM - INFO - Time taken: 0.00507116317749
2018-02-07 06:31:35 AM - INFO - Computing mfcc...
2018-02-07 06:31:35 AM - INFO - Time taken: 0.0440759658813
2018-02-07 06:31:35 AM - INFO - Computing spectral centroid...
2018-02-07 06:31:35 AM - INFO - Time taken: 0.0525109767914
2018-02-07 06:31:35 AM - INFO - Computing spectral rolloff...
2018-02-07 06:31:35 AM - INFO - Time taken: 0.0727519989014
2018-02-07 06:31:35 AM - INFO - Computing spectral bandwidth...
2018-02-07 06:31:35 AM - INFO - Time taken: 0.0588700771332
2018-02-07 06:31:35 AM - INFO - Averaging...
2018-02-07 06:31:35 AM - INFO - Time taken: 9.29832458496e-05
2018-02-07 06:31:35 AM - INFO - Reading file: /home/dingu/PycharmProjects/baby_cry_detection/pc_main/../data/902 - Noise/1-56380-A.ogg ...
2018-02-07 06:31:35 AM - INFO - Time taken: 0.0936369895935
2018-02-07 06:31:35 AM - INFO - Computing zero_crossing_rate...
2018-02-07 06:31:35 AM - INFO - Time taken: 0.0218870639801
2018-02-07 06:31:35 AM - INFO - Computing rmse...
2018-02-07 06:31:35 AM - INFO - Time taken: 0.00542402267456
2018-02-07 06:31:35 AM - INFO - Computing mfcc...
2018-02-07 06:31:36 AM - INFO - Time taken: 0.0470108985901
2018-02-07 06:31:36 AM - INFO - Computing spectral centroid...
2018-02-07 06:31:36 AM - INFO - Time taken: 0.0385119915009
2018-02-07 06:31:36 AM - INFO - Computing spectral rolloff...
2018-02-07 06:31:36 AM - INFO - Time taken: 0.096834897995
2018-02-07 06:31:36 AM - INFO - Computing spectral bandwidth...
2018-02-07 06:31:36 AM - INFO - Time taken: 0.0584959983826
2018-02-07 06:31:36 AM - INFO - Averaging...
2018-02-07 06:31:36 AM - INFO - Time taken: 8.60691070557e-05
2018-02-07 06:31:36 AM - INFO - Reading file: /home/dingu/PycharmProjects/baby_cry_detection/pc_main/../data/902 - Noise/2-82274-B.ogg ...
2018-02-07 06:31:36 AM - INFO - Time taken: 0.114794969559
2018-02-07 06:31:36 AM - INFO - Computing zero_crossing_rate...
2018-02-07 06:31:36 AM - INFO - Time taken: 0.0178399085999
2018-02-07 06:31:36 AM - INFO - Computing rmse...
2018-02-07 06:31:36 AM - INFO - Time taken: 0.00522994995117
2018-02-07 06:31:36 AM - INFO - Computing mfcc...
2018-02-07 06:31:36 AM - INFO - Time taken: 0.0419390201569
2018-02-07 06:31:36 AM - INFO - Computing spectral centroid...
2018-02-07 06:31:36 AM - INFO - Time taken: 0.042083978653
2018-02-07 06:31:36 AM - INFO - Computing spectral rolloff...
2018-02-07 06:31:36 AM - INFO - Time taken: 0.0413930416107
2018-02-07 06:31:36 AM - INFO - Computing spectral bandwidth...
2018-02-07 06:31:36 AM - INFO - Time taken: 0.0570268630981
2018-02-07 06:31:36 AM - INFO - Averaging...
2018-02-07 06:31:36 AM - INFO - Time taken: 7.00950622559e-05
2018-02-07 06:31:36 AM - INFO - Reading file: /home/dingu/PycharmProjects/baby_cry_detection/pc_main/../data/902 - Noise/3-153057-A.ogg ...
2018-02-07 06:31:36 AM - INFO - Time taken: 0.0707828998566
2018-02-07 06:31:36 AM - INFO - Computing zero_crossing_rate...
2018-02-07 06:31:36 AM - INFO - Time taken: 0.0146110057831
2018-02-07 06:31:36 AM - INFO - Computing rmse...
2018-02-07 06:31:36 AM - INFO - Time taken: 0.00357699394226
2018-02-07 06:31:36 AM - INFO - Computing mfcc...
2018-02-07 06:31:36 AM - INFO - Time taken: 0.0276041030884
2018-02-07 06:31:36 AM - INFO - Computing spectral centroid...
2018-02-07 06:31:36 AM - INFO - Time taken: 0.0257561206818
2018-02-07 06:31:36 AM - INFO - Computing spectral rolloff...
2018-02-07 06:31:36 AM - INFO - Time taken: 0.0430841445923
2018-02-07 06:31:36 AM - INFO - Computing spectral bandwidth...
2018-02-07 06:31:36 AM - INFO - Time taken: 0.0489828586578
2018-02-07 06:31:36 AM - INFO - Averaging...
2018-02-07 06:31:36 AM - INFO - Time taken: 9.79900360107e-05
2018-02-07 06:31:36 AM - INFO - Reading file: /home/dingu/PycharmProjects/baby_cry_detection/pc_main/../data/902 - Noise/4-204115-A.ogg ...
2018-02-07 06:31:36 AM - INFO - Time taken: 0.0659890174866
2018-02-07 06:31:36 AM - INFO - Computing zero_crossing_rate...
2018-02-07 06:31:36 AM - INFO - Time taken: 0.0149309635162
2018-02-07 06:31:36 AM - INFO - Computing rmse...
2018-02-07 06:31:36 AM - INFO - Time taken: 0.00372505187988
2018-02-07 06:31:36 AM - INFO - Computing mfcc...
2018-02-07 06:31:36 AM - INFO - Time taken: 0.0267901420593
2018-02-07 06:31:36 AM - INFO - Computing spectral centroid...
2018-02-07 06:31:36 AM - INFO - Time taken: 0.0258960723877
2018-02-07 06:31:36 AM - INFO - Computing spectral rolloff...
2018-02-07 06:31:36 AM - INFO - Time taken: 0.034273147583
2018-02-07 06:31:36 AM - INFO - Computing spectral bandwidth...
2018-02-07 06:31:36 AM - INFO - Time taken: 0.0489890575409
2018-02-07 06:31:36 AM - INFO - Averaging...
2018-02-07 06:31:36 AM - INFO - Time taken: 7.10487365723e-05
2018-02-07 06:31:36 AM - INFO - Reading file: /home/dingu/PycharmProjects/baby_cry_detection/pc_main/../data/902 - Noise/3-216281-A.ogg ...
2018-02-07 06:31:37 AM - INFO - Time taken: 0.0773131847382
2018-02-07 06:31:37 AM - INFO - Computing zero_crossing_rate...
2018-02-07 06:31:37 AM - INFO - Time taken: 0.018002986908
2018-02-07 06:31:37 AM - INFO - Computing rmse...
2018-02-07 06:31:37 AM - INFO - Time taken: 0.00685596466064
2018-02-07 06:31:37 AM - INFO - Computing mfcc...
2018-02-07 06:31:37 AM - INFO - Time taken: 0.0482778549194
2018-02-07 06:31:37 AM - INFO - Computing spectral centroid...
2018-02-07 06:31:37 AM - INFO - Time taken: 0.0415101051331
2018-02-07 06:31:37 AM - INFO - Computing spectral rolloff...
2018-02-07 06:31:37 AM - INFO - Time taken: 0.0537579059601
2018-02-07 06:31:37 AM - INFO - Computing spectral bandwidth...
2018-02-07 06:31:37 AM - INFO - Time taken: 0.0635380744934
2018-02-07 06:31:37 AM - INFO - Averaging...
2018-02-07 06:31:37 AM - INFO - Time taken: 5.79357147217e-05
2018-02-07 06:31:37 AM - INFO - Reading file: /home/dingu/PycharmProjects/baby_cry_detection/pc_main/../data/902 - Noise/3-130998-A.ogg ...
2018-02-07 06:31:37 AM - INFO - Time taken: 0.092344045639
2018-02-07 06:31:37 AM - INFO - Computing zero_crossing_rate...
2018-02-07 06:31:37 AM - INFO - Time taken: 0.0197789669037
2018-02-07 06:31:37 AM - INFO - Computing rmse...
2018-02-07 06:31:37 AM - INFO - Time taken: 0.00360512733459
2018-02-07 06:31:37 AM - INFO - Computing mfcc...
2018-02-07 06:31:37 AM - INFO - Time taken: 0.0510721206665
2018-02-07 06:31:37 AM - INFO - Computing spectral centroid...
2018-02-07 06:31:37 AM - INFO - Time taken: 0.0362229347229
2018-02-07 06:31:37 AM - INFO - Computing spectral rolloff...
2018-02-07 06:31:37 AM - INFO - Time taken: 0.0352427959442
2018-02-07 06:31:37 AM - INFO - Computing spectral bandwidth...
2018-02-07 06:31:37 AM - INFO - Time taken: 0.047926902771
2018-02-07 06:31:37 AM - INFO - Averaging...
2018-02-07 06:31:37 AM - INFO - Time taken: 6.48498535156e-05
2018-02-07 06:31:37 AM - INFO - Reading file: /home/dingu/PycharmProjects/baby_cry_detection/pc_main/../data/902 - Noise/1-59513-A.ogg ...
2018-02-07 06:31:37 AM - INFO - Time taken: 0.0675799846649
2018-02-07 06:31:37 AM - INFO - Computing zero_crossing_rate...
2018-02-07 06:31:37 AM - INFO - Time taken: 0.0110120773315
2018-02-07 06:31:37 AM - INFO - Computing rmse...
2018-02-07 06:31:37 AM - INFO - Time taken: 0.00420594215393
2018-02-07 06:31:37 AM - INFO - Computing mfcc...
2018-02-07 06:31:37 AM - INFO - Time taken: 0.0357360839844
2018-02-07 06:31:37 AM - INFO - Computing spectral centroid...
2018-02-07 06:31:37 AM - INFO - Time taken: 0.0240561962128
2018-02-07 06:31:37 AM - INFO - Computing spectral rolloff...
2018-02-07 06:31:37 AM - INFO - Time taken: 0.0351419448853
2018-02-07 06:31:37 AM - INFO - Computing spectral bandwidth...
2018-02-07 06:31:37 AM - INFO - Time taken: 0.07404088974
2018-02-07 06:31:37 AM - INFO - Averaging...
2018-02-07 06:31:37 AM - INFO - Time taken: 7.31945037842e-05
2018-02-07 06:31:37 AM - INFO - Reading file: /home/dingu/PycharmProjects/baby_cry_detection/pc_main/../data/902 - Noise/1-13572-A.ogg ...
2018-02-07 06:31:37 AM - INFO - Time taken: 0.0818991661072
2018-02-07 06:31:37 AM - INFO - Computing zero_crossing_rate...
2018-02-07 06:31:37 AM - INFO - Time taken: 0.0137901306152
2018-02-07 06:31:37 AM - INFO - Computing rmse...
2018-02-07 06:31:37 AM - INFO - Time taken: 0.00356888771057
2018-02-07 06:31:37 AM - INFO - Computing mfcc...
2018-02-07 06:31:37 AM - INFO - Time taken: 0.0273740291595
2018-02-07 06:31:37 AM - INFO - Computing spectral centroid...
2018-02-07 06:31:38 AM - INFO - Time taken: 0.0268750190735
2018-02-07 06:31:38 AM - INFO - Computing spectral rolloff...
2018-02-07 06:31:38 AM - INFO - Time taken: 0.0344338417053
2018-02-07 06:31:38 AM - INFO - Computing spectral bandwidth...
2018-02-07 06:31:38 AM - INFO - Time taken: 0.0587749481201
2018-02-07 06:31:38 AM - INFO - Averaging...
2018-02-07 06:31:38 AM - INFO - Time taken: 0.000191926956177
2018-02-07 06:31:38 AM - INFO - Reading file: /home/dingu/PycharmProjects/baby_cry_detection/pc_main/../data/902 - Noise/1-40154-A.ogg ...
2018-02-07 06:31:38 AM - INFO - Time taken: 0.0808908939362
2018-02-07 06:31:38 AM - INFO - Computing zero_crossing_rate...
2018-02-07 06:31:38 AM - INFO - Time taken: 0.0160717964172
2018-02-07 06:31:38 AM - INFO - Computing rmse...
2018-02-07 06:31:38 AM - INFO - Time taken: 0.00633597373962
2018-02-07 06:31:38 AM - INFO - Computing mfcc...
2018-02-07 06:31:38 AM - INFO - Time taken: 0.0396728515625
2018-02-07 06:31:38 AM - INFO - Computing spectral centroid...
2018-02-07 06:31:38 AM - INFO - Time taken: 0.0461690425873
2018-02-07 06:31:38 AM - INFO - Computing spectral rolloff...
2018-02-07 06:31:38 AM - INFO - Time taken: 0.0426859855652
2018-02-07 06:31:38 AM - INFO - Computing spectral bandwidth...
2018-02-07 06:31:38 AM - INFO - Time taken: 0.0667388439178
2018-02-07 06:31:38 AM - INFO - Averaging...
2018-02-07 06:31:38 AM - INFO - Time taken: 0.000205993652344
2018-02-07 06:31:38 AM - INFO - Reading file: /home/dingu/PycharmProjects/baby_cry_detection/pc_main/../data/902 - Noise/1-79113-A.ogg ...
2018-02-07 06:31:38 AM - INFO - Time taken: 0.0600109100342
2018-02-07 06:31:38 AM - INFO - Computing zero_crossing_rate...
2018-02-07 06:31:38 AM - INFO - Time taken: 0.0130050182343
2018-02-07 06:31:38 AM - INFO - Computing rmse...
2018-02-07 06:31:38 AM - INFO - Time taken: 0.00385308265686
2018-02-07 06:31:38 AM - INFO - Computing mfcc...
2018-02-07 06:31:38 AM - INFO - Time taken: 0.0322859287262
2018-02-07 06:31:38 AM - INFO - Computing spectral centroid...
2018-02-07 06:31:38 AM - INFO - Time taken: 0.0362820625305
2018-02-07 06:31:38 AM - INFO - Computing spectral rolloff...
2018-02-07 06:31:38 AM - INFO - Time taken: 0.036416053772
2018-02-07 06:31:38 AM - INFO - Computing spectral bandwidth...
2018-02-07 06:31:38 AM - INFO - Time taken: 0.0515038967133
2018-02-07 06:31:38 AM - INFO - Averaging...
2018-02-07 06:31:38 AM - INFO - Time taken: 7.20024108887e-05
2018-02-07 06:31:38 AM - INFO - Reading file: /home/dingu/PycharmProjects/baby_cry_detection/pc_main/../data/902 - Noise/5-156999-D.ogg ...
2018-02-07 06:31:38 AM - INFO - Time taken: 0.0961399078369
2018-02-07 06:31:38 AM - INFO - Computing zero_crossing_rate...
2018-02-07 06:31:38 AM - INFO - Time taken: 0.0145769119263
2018-02-07 06:31:38 AM - INFO - Computing rmse...
2018-02-07 06:31:38 AM - INFO - Time taken: 0.00504803657532
2018-02-07 06:31:38 AM - INFO - Computing mfcc...
2018-02-07 06:31:38 AM - INFO - Time taken: 0.0342619419098
2018-02-07 06:31:38 AM - INFO - Computing spectral centroid...
2018-02-07 06:31:38 AM - INFO - Time taken: 0.0393958091736
2018-02-07 06:31:38 AM - INFO - Computing spectral rolloff...
2018-02-07 06:31:38 AM - INFO - Time taken: 0.0358438491821
2018-02-07 06:31:38 AM - INFO - Computing spectral bandwidth...
2018-02-07 06:31:38 AM - INFO - Time taken: 0.0525538921356
2018-02-07 06:31:38 AM - INFO - Averaging...
2018-02-07 06:31:38 AM - INFO - Time taken: 0.0001220703125
2018-02-07 06:31:38 AM - INFO - Reading file: /home/dingu/PycharmProjects/baby_cry_detection/pc_main/../data/902 - Noise/4-184235-A.ogg ...
2018-02-07 06:31:39 AM - INFO - Time taken: 0.0972859859467
2018-02-07 06:31:39 AM - INFO - Computing zero_crossing_rate...
2018-02-07 06:31:39 AM - INFO - Time taken: 0.0123188495636
2018-02-07 06:31:39 AM - INFO - Computing rmse...
2018-02-07 06:31:39 AM - INFO - Time taken: 0.0038149356842
2018-02-07 06:31:39 AM - INFO - Computing mfcc...
2018-02-07 06:31:39 AM - INFO - Time taken: 0.0399911403656
2018-02-07 06:31:39 AM - INFO - Computing spectral centroid...
2018-02-07 06:31:39 AM - INFO - Time taken: 0.0364739894867
2018-02-07 06:31:39 AM - INFO - Computing spectral rolloff...
2018-02-07 06:31:39 AM - INFO - Time taken: 0.035835981369
2018-02-07 06:31:39 AM - INFO - Computing spectral bandwidth...
2018-02-07 06:31:39 AM - INFO - Time taken: 0.0500869750977
2018-02-07 06:31:39 AM - INFO - Averaging...
2018-02-07 06:31:39 AM - INFO - Time taken: 6.29425048828e-05
2018-02-07 06:31:39 AM - INFO - Reading file: /home/dingu/PycharmProjects/baby_cry_detection/pc_main/../data/902 - Noise/4-180337-A.ogg ...
2018-02-07 06:31:39 AM - INFO - Time taken: 0.120106220245
2018-02-07 06:31:39 AM - INFO - Computing zero_crossing_rate...
2018-02-07 06:31:39 AM - INFO - Time taken: 0.0153830051422
2018-02-07 06:31:39 AM - INFO - Computing rmse...
2018-02-07 06:31:39 AM - INFO - Time taken: 0.00478005409241
2018-02-07 06:31:39 AM - INFO - Computing mfcc...
2018-02-07 06:31:39 AM - INFO - Time taken: 0.0499789714813
2018-02-07 06:31:39 AM - INFO - Computing spectral centroid...
2018-02-07 06:31:39 AM - INFO - Time taken: 0.0365540981293
2018-02-07 06:31:39 AM - INFO - Computing spectral rolloff...
2018-02-07 06:31:39 AM - INFO - Time taken: 0.0357768535614
2018-02-07 06:31:39 AM - INFO - Computing spectral bandwidth...
2018-02-07 06:31:39 AM - INFO - Time taken: 0.0752310752869
2018-02-07 06:31:39 AM - INFO - Averaging...
2018-02-07 06:31:39 AM - INFO - Time taken: 6.69956207275e-05
2018-02-07 06:31:39 AM - INFO - Reading file: /home/dingu/PycharmProjects/baby_cry_detection/pc_main/../data/902 - Noise/1-56380-B.ogg ...
2018-02-07 06:31:39 AM - INFO - Time taken: 0.0813581943512
2018-02-07 06:31:39 AM - INFO - Computing zero_crossing_rate...
2018-02-07 06:31:39 AM - INFO - Time taken: 0.0206751823425
2018-02-07 06:31:39 AM - INFO - Computing rmse...
2018-02-07 06:31:39 AM - INFO - Time taken: 0.00588011741638
2018-02-07 06:31:39 AM - INFO - Computing mfcc...
2018-02-07 06:31:39 AM - INFO - Time taken: 0.0489540100098
2018-02-07 06:31:39 AM - INFO - Computing spectral centroid...
2018-02-07 06:31:39 AM - INFO - Time taken: 0.0389051437378
2018-02-07 06:31:39 AM - INFO - Computing spectral rolloff...
2018-02-07 06:31:39 AM - INFO - Time taken: 0.0409588813782
2018-02-07 06:31:39 AM - INFO - Computing spectral bandwidth...
2018-02-07 06:31:39 AM - INFO - Time taken: 0.0654768943787
2018-02-07 06:31:39 AM - INFO - Averaging...
2018-02-07 06:31:39 AM - INFO - Time taken: 6.89029693604e-05
2018-02-07 06:31:39 AM - INFO - Reading file: /home/dingu/PycharmProjects/baby_cry_detection/pc_main/../data/902 - Noise/3-151557-B.ogg ...
2018-02-07 06:31:39 AM - INFO - Time taken: 0.102142095566
2018-02-07 06:31:39 AM - INFO - Computing zero_crossing_rate...
2018-02-07 06:31:39 AM - INFO - Time taken: 0.0148651599884
2018-02-07 06:31:39 AM - INFO - Computing rmse...
2018-02-07 06:31:39 AM - INFO - Time taken: 0.0061149597168
2018-02-07 06:31:39 AM - INFO - Computing mfcc...
2018-02-07 06:31:40 AM - INFO - Time taken: 0.0519938468933
2018-02-07 06:31:40 AM - INFO - Computing spectral centroid...
2018-02-07 06:31:40 AM - INFO - Time taken: 0.0628659725189
2018-02-07 06:31:40 AM - INFO - Computing spectral rolloff...
2018-02-07 06:31:40 AM - INFO - Time taken: 0.0413711071014
2018-02-07 06:31:40 AM - INFO - Computing spectral bandwidth...
2018-02-07 06:31:40 AM - INFO - Time taken: 0.0407528877258
2018-02-07 06:31:40 AM - INFO - Averaging...
2018-02-07 06:31:40 AM - INFO - Time taken: 7.5101852417e-05
2018-02-07 06:31:40 AM - INFO - Reading file: /home/dingu/PycharmProjects/baby_cry_detection/pc_main/../data/902 - Noise/1-85362-A.ogg ...
2018-02-07 06:31:40 AM - INFO - Time taken: 0.0784509181976
2018-02-07 06:31:40 AM - INFO - Computing zero_crossing_rate...
2018-02-07 06:31:40 AM - INFO - Time taken: 0.0109548568726
2018-02-07 06:31:40 AM - INFO - Computing rmse...
2018-02-07 06:31:40 AM - INFO - Time taken: 0.00391411781311
2018-02-07 06:31:40 AM - INFO - Computing mfcc...
2018-02-07 06:31:40 AM - INFO - Time taken: 0.0310940742493
2018-02-07 06:31:40 AM - INFO - Computing spectral centroid...
2018-02-07 06:31:40 AM - INFO - Time taken: 0.0326449871063
2018-02-07 06:31:40 AM - INFO - Computing spectral rolloff...
2018-02-07 06:31:40 AM - INFO - Time taken: 0.0364031791687
2018-02-07 06:31:40 AM - INFO - Computing spectral bandwidth...
2018-02-07 06:31:40 AM - INFO - Time taken: 0.0507318973541
2018-02-07 06:31:40 AM - INFO - Averaging...
2018-02-07 06:31:40 AM - INFO - Time taken: 7.20024108887e-05
2018-02-07 06:31:40 AM - INFO - Reading file: /home/dingu/PycharmProjects/baby_cry_detection/pc_main/../data/902 - Noise/1-34094-A.ogg ...
2018-02-07 06:31:40 AM - INFO - Time taken: 0.0685260295868
2018-02-07 06:31:40 AM - INFO - Computing zero_crossing_rate...
2018-02-07 06:31:40 AM - INFO - Time taken: 0.0111889839172
2018-02-07 06:31:40 AM - INFO - Computing rmse...
2018-02-07 06:31:40 AM - INFO - Time taken: 0.00327491760254
2018-02-07 06:31:40 AM - INFO - Computing mfcc...
2018-02-07 06:31:40 AM - INFO - Time taken: 0.0320889949799
2018-02-07 06:31:40 AM - INFO - Computing spectral centroid...
2018-02-07 06:31:40 AM - INFO - Time taken: 0.0709500312805
2018-02-07 06:31:40 AM - INFO - Computing spectral rolloff...
2018-02-07 06:31:40 AM - INFO - Time taken: 0.0662980079651
2018-02-07 06:31:40 AM - INFO - Computing spectral bandwidth...
2018-02-07 06:31:40 AM - INFO - Time taken: 0.0642931461334
2018-02-07 06:31:40 AM - INFO - Averaging...
2018-02-07 06:31:40 AM - INFO - Time taken: 0.000171899795532
2018-02-07 06:31:40 AM - INFO - Reading file: /home/dingu/PycharmProjects/baby_cry_detection/pc_main/../data/902 - Noise/3-124795-A.ogg ...
2018-02-07 06:31:40 AM - INFO - Time taken: 0.12609910965
2018-02-07 06:31:40 AM - INFO - Computing zero_crossing_rate...
2018-02-07 06:31:40 AM - INFO - Time taken: 0.0176339149475
2018-02-07 06:31:40 AM - INFO - Computing rmse...
2018-02-07 06:31:40 AM - INFO - Time taken: 0.00390410423279
2018-02-07 06:31:40 AM - INFO - Computing mfcc...
2018-02-07 06:31:40 AM - INFO - Time taken: 0.0291061401367
2018-02-07 06:31:40 AM - INFO - Computing spectral centroid...
2018-02-07 06:31:40 AM - INFO - Time taken: 0.0345981121063
2018-02-07 06:31:40 AM - INFO - Computing spectral rolloff...
2018-02-07 06:31:40 AM - INFO - Time taken: 0.0352120399475
2018-02-07 06:31:40 AM - INFO - Computing spectral bandwidth...
2018-02-07 06:31:41 AM - INFO - Time taken: 0.0484669208527
2018-02-07 06:31:41 AM - INFO - Averaging...
2018-02-07 06:31:41 AM - INFO - Time taken: 6.41345977783e-05
2018-02-07 06:31:41 AM - INFO - Reading file: /home/dingu/PycharmProjects/baby_cry_detection/pc_main/../data/902 - Noise/3-203374-A.ogg ...
2018-02-07 06:31:41 AM - INFO - Time taken: 0.0521008968353
2018-02-07 06:31:41 AM - INFO - Computing zero_crossing_rate...
2018-02-07 06:31:41 AM - INFO - Time taken: 0.0271151065826
2018-02-07 06:31:41 AM - INFO - Computing rmse...
2018-02-07 06:31:41 AM - INFO - Time taken: 0.00559520721436
2018-02-07 06:31:41 AM - INFO - Computing mfcc...
2018-02-07 06:31:41 AM - INFO - Time taken: 0.0294399261475
2018-02-07 06:31:41 AM - INFO - Computing spectral centroid...
2018-02-07 06:31:41 AM - INFO - Time taken: 0.0345511436462
2018-02-07 06:31:41 AM - INFO - Computing spectral rolloff...
2018-02-07 06:31:41 AM - INFO - Time taken: 0.0351059436798
2018-02-07 06:31:41 AM - INFO - Computing spectral bandwidth...
2018-02-07 06:31:41 AM - INFO - Time taken: 0.0500600337982
2018-02-07 06:31:41 AM - INFO - Averaging...
2018-02-07 06:31:41 AM - INFO - Time taken: 6.00814819336e-05
2018-02-07 06:31:41 AM - INFO - Reading file: /home/dingu/PycharmProjects/baby_cry_detection/pc_main/../data/902 - Noise/1-110389-A.ogg ...
2018-02-07 06:31:41 AM - INFO - Time taken: 0.0584189891815
2018-02-07 06:31:41 AM - INFO - Computing zero_crossing_rate...
2018-02-07 06:31:41 AM - INFO - Time taken: 0.0140361785889
2018-02-07 06:31:41 AM - INFO - Computing rmse...
2018-02-07 06:31:41 AM - INFO - Time taken: 0.00331807136536
2018-02-07 06:31:41 AM - INFO - Computing mfcc...
2018-02-07 06:31:41 AM - INFO - Time taken: 0.0306539535522
2018-02-07 06:31:41 AM - INFO - Computing spectral centroid...
2018-02-07 06:31:41 AM - INFO - Time taken: 0.0353059768677
2018-02-07 06:31:41 AM - INFO - Computing spectral rolloff...
2018-02-07 06:31:41 AM - INFO - Time taken: 0.0352518558502
2018-02-07 06:31:41 AM - INFO - Computing spectral bandwidth...
2018-02-07 06:31:41 AM - INFO - Time taken: 0.0484771728516
2018-02-07 06:31:41 AM - INFO - Averaging...
2018-02-07 06:31:41 AM - INFO - Time taken: 6.89029693604e-05
2018-02-07 06:31:41 AM - INFO - Reading file: /home/dingu/PycharmProjects/baby_cry_detection/pc_main/../data/902 - Noise/2-69131-A.ogg ...
2018-02-07 06:31:41 AM - INFO - Time taken: 0.0560870170593
2018-02-07 06:31:41 AM - INFO - Computing zero_crossing_rate...
2018-02-07 06:31:41 AM - INFO - Time taken: 0.012051820755
2018-02-07 06:31:41 AM - INFO - Computing rmse...
2018-02-07 06:31:41 AM - INFO - Time taken: 0.00415992736816
2018-02-07 06:31:41 AM - INFO - Computing mfcc...
2018-02-07 06:31:41 AM - INFO - Time taken: 0.037456035614
2018-02-07 06:31:41 AM - INFO - Computing spectral centroid...
2018-02-07 06:31:41 AM - INFO - Time taken: 0.0415909290314
2018-02-07 06:31:41 AM - INFO - Computing spectral rolloff...
2018-02-07 06:31:41 AM - INFO - Time taken: 0.0375919342041
2018-02-07 06:31:41 AM - INFO - Computing spectral bandwidth...
2018-02-07 06:31:41 AM - INFO - Time taken: 0.0485310554504
2018-02-07 06:31:41 AM - INFO - Averaging...
2018-02-07 06:31:41 AM - INFO - Time taken: 6.60419464111e-05
2018-02-07 06:31:41 AM - INFO - Reading file: /home/dingu/PycharmProjects/baby_cry_detection/pc_main/../data/902 - Noise/3-51909-B.ogg ...
2018-02-07 06:31:41 AM - INFO - Time taken: 0.0666959285736
2018-02-07 06:31:41 AM - INFO - Computing zero_crossing_rate...
2018-02-07 06:31:41 AM - INFO - Time taken: 0.0112330913544
2018-02-07 06:31:41 AM - INFO - Computing rmse...
2018-02-07 06:31:41 AM - INFO - Time taken: 0.00427007675171
2018-02-07 06:31:41 AM - INFO - Computing mfcc...
2018-02-07 06:31:41 AM - INFO - Time taken: 0.0268931388855
2018-02-07 06:31:41 AM - INFO - Computing spectral centroid...
2018-02-07 06:31:41 AM - INFO - Time taken: 0.0240390300751
2018-02-07 06:31:41 AM - INFO - Computing spectral rolloff...
2018-02-07 06:31:41 AM - INFO - Time taken: 0.043340921402
2018-02-07 06:31:41 AM - INFO - Computing spectral bandwidth...
2018-02-07 06:31:41 AM - INFO - Time taken: 0.0513451099396
2018-02-07 06:31:41 AM - INFO - Averaging...
2018-02-07 06:31:41 AM - INFO - Time taken: 8.29696655273e-05
2018-02-07 06:31:41 AM - INFO - Reading file: /home/dingu/PycharmProjects/baby_cry_detection/pc_main/../data/902 - Noise/5-156999-C.ogg ...
